#
# There is insufficient memory for the Java Runtime Environment to continue.
# Native memory allocation (malloc) failed to allocate 687120 bytes. Error detail: Chunk::new
# Possible reasons:
#   The system is out of physical RAM or swap space
#   This process is running with CompressedOops enabled, and the Java Heap may be blocking the growth of the native heap
# Possible solutions:
#   Reduce memory load on the system
#   Increase physical memory or swap space
#   Check if swap backing store is full
#   Decrease Java heap size (-Xmx/-Xms)
#   Decrease number of Java threads
#   Decrease Java thread stack sizes (-Xss)
#   Set larger code cache with -XX:ReservedCodeCacheSize=
#   JVM is running with Unscaled Compressed Oops mode in which the Java heap is
#     placed in the first 4GB address space. The Java Heap base address is the
#     maximum limit for the native heap growth. Please use -XX:HeapBaseMinAddress
#     to set the Java Heap base and to place the Java Heap above 4GB virtual address.
# This output file may be truncated or incomplete.
#
#  Out of Memory Error (arena.cpp:191), pid=8020, tid=7808
#
# JRE version: OpenJDK Runtime Environment Temurin-17.0.11+9 (17.0.11+9) (build 17.0.11+9)
# Java VM: OpenJDK 64-Bit Server VM Temurin-17.0.11+9 (17.0.11+9, mixed mode, tiered, compressed oops, compressed class ptrs, parallel gc, windows-amd64)
# No core dump will be written. Minidumps are not enabled by default on client versions of Windows
#

---------------  S U M M A R Y ------------

Command Line: --add-modules=ALL-SYSTEM --add-opens=java.base/java.util=ALL-UNNAMED --add-opens=java.base/java.lang=ALL-UNNAMED --add-opens=java.base/sun.nio.fs=ALL-UNNAMED -Declipse.application=org.eclipse.jdt.ls.core.id1 -Dosgi.bundles.defaultStartLevel=4 -Declipse.product=org.eclipse.jdt.ls.core.product -Djava.import.generatesMetadataFilesAtProjectRoot=false -DDetectVMInstallationsJob.disabled=true -Dfile.encoding=utf8 -XX:+UseParallelGC -XX:GCTimeRatio=4 -XX:AdaptiveSizePolicyWeight=90 -Dsun.zip.disableMemoryMapping=true -Xmx1G -Xms100m -Xlog:disable -javaagent:c:\Users\Askabdelaziz\.vscode\extensions\redhat.java-1.31.0-win32-x64\lombok\lombok-1.18.32.jar -XX:+HeapDumpOnOutOfMemoryError -XX:HeapDumpPath=c:\Users\Askabdelaziz\AppData\Roaming\Code\User\workspaceStorage\d1b12ed4273305afbc68e5785b452aaf\redhat.java -Daether.dependencyCollector.impl=bf c:\Users\Askabdelaziz\.vscode\extensions\redhat.java-1.31.0-win32-x64\server\plugins\org.eclipse.equinox.launcher_1.6.800.v20240513-1750.jar -configuration c:\Users\Askabdelaziz\AppData\Roaming\Code\User\globalStorage\redhat.java\1.31.0\config_win -data c:\Users\Askabdelaziz\AppData\Roaming\Code\User\workspaceStorage\d1b12ed4273305afbc68e5785b452aaf\redhat.java\jdt_ws --pipe=\\.\pipe\lsp-bb026bf7fe04eb35f84a46b6cb5f3a44-sock

Host: AMD PRO A8-8650B R7, 10 Compute Cores 4C+6G    , 4 cores, 10G,  Windows 10 , 64 bit Build 19041 (10.0.19041.3636)
Time: Sun Jun 23 09:06:56 2024 Egypt Daylight Time elapsed time: 4.050417 seconds (0d 0h 0m 4s)

---------------  T H R E A D  ---------------

Current thread (0x0000027041fd14b0):  JavaThread "C2 CompilerThread0" daemon [_thread_in_native, id=7808, stack(0x000000dab2900000,0x000000dab2a00000)]


Current CompileTask:
C2:   4050  793   !   4       java.util.jar.Attributes::read (498 bytes)

Stack: [0x000000dab2900000,0x000000dab2a00000]
Native frames: (J=compiled Java code, j=interpreted, Vv=VM code, C=native code)
V  [jvm.dll+0x67d429]
V  [jvm.dll+0x834b7a]
V  [jvm.dll+0x83663e]
V  [jvm.dll+0x836ca3]
V  [jvm.dll+0x247dbf]
V  [jvm.dll+0xac534]
V  [jvm.dll+0xacb7c]
V  [jvm.dll+0x366647]
V  [jvm.dll+0x330bba]
V  [jvm.dll+0x33005a]
V  [jvm.dll+0x21a471]
V  [jvm.dll+0x2198b1]
V  [jvm.dll+0x1a534d]
V  [jvm.dll+0x2295cd]
V  [jvm.dll+0x22779c]
V  [jvm.dll+0x7e9d07]
V  [jvm.dll+0x7e410a]
V  [jvm.dll+0x67c315]
C  [ucrtbase.dll+0x21bb2]
C  [KERNEL32.DLL+0x17344]
C  [ntdll.dll+0x4cc91]


---------------  P R O C E S S  ---------------

Threads class SMR info:
_java_thread_list=0x00000270478f2480, length=13, elements={
0x000002702e161d80, 0x000002702e201f90, 0x0000027041fa20c0, 0x0000027041fcb280,
0x0000027041fce010, 0x0000027041fcec90, 0x0000027041fd07c0, 0x0000027041fd14b0,
0x0000027047127530, 0x000002704712c210, 0x00000270471be4f0, 0x00000270472bee00,
0x00000270478c7b90
}

Java Threads: ( => current thread )
  0x000002702e161d80 JavaThread "main" [_thread_in_Java, id=8260, stack(0x000000dab2000000,0x000000dab2100000)]
  0x000002702e201f90 JavaThread "Reference Handler" daemon [_thread_blocked, id=12412, stack(0x000000dab2300000,0x000000dab2400000)]
  0x0000027041fa20c0 JavaThread "Finalizer" daemon [_thread_blocked, id=21944, stack(0x000000dab2400000,0x000000dab2500000)]
  0x0000027041fcb280 JavaThread "Signal Dispatcher" daemon [_thread_blocked, id=19692, stack(0x000000dab2500000,0x000000dab2600000)]
  0x0000027041fce010 JavaThread "Attach Listener" daemon [_thread_blocked, id=14024, stack(0x000000dab2600000,0x000000dab2700000)]
  0x0000027041fcec90 JavaThread "Service Thread" daemon [_thread_blocked, id=20184, stack(0x000000dab2700000,0x000000dab2800000)]
  0x0000027041fd07c0 JavaThread "Monitor Deflation Thread" daemon [_thread_blocked, id=23348, stack(0x000000dab2800000,0x000000dab2900000)]
=>0x0000027041fd14b0 JavaThread "C2 CompilerThread0" daemon [_thread_in_native, id=7808, stack(0x000000dab2900000,0x000000dab2a00000)]
  0x0000027047127530 JavaThread "C1 CompilerThread0" daemon [_thread_blocked, id=17016, stack(0x000000dab2a00000,0x000000dab2b00000)]
  0x000002704712c210 JavaThread "Sweeper thread" daemon [_thread_blocked, id=20560, stack(0x000000dab2b00000,0x000000dab2c00000)]
  0x00000270471be4f0 JavaThread "Common-Cleaner" daemon [_thread_blocked, id=22324, stack(0x000000dab2c00000,0x000000dab2d00000)]
  0x00000270472bee00 JavaThread "Notification Thread" daemon [_thread_blocked, id=7912, stack(0x000000dab2d00000,0x000000dab2e00000)]
  0x00000270478c7b90 JavaThread "C2 CompilerThread1" daemon [_thread_in_native, id=21540, stack(0x000000dab2f00000,0x000000dab3000000)]

Other Threads:
  0x0000027041f8c160 VMThread "VM Thread" [stack: 0x000000dab2200000,0x000000dab2300000] [id=20036]
  0x00000270473695f0 WatcherThread [stack: 0x000000dab2e00000,0x000000dab2f00000] [id=19804]
  0x000002702e171150 GCTaskThread "GC Thread#0" [stack: 0x000000dab2100000,0x000000dab2200000] [id=8380]

Threads with active compile tasks:
C2 CompilerThread0     4088  793   !   4       java.util.jar.Attributes::read (498 bytes)
C2 CompilerThread1     4088  817       4       sun.security.provider.SHA5::implCompress0 (346 bytes)

VM state: not at safepoint (normal execution)

VM Mutex/Monitor currently owned by a thread: None

Heap address: 0x00000000c0000000, size: 1024 MB, Compressed Oops mode: 32-bit

CDS archive(s) not mapped
Compressed class space mapped at: 0x0000000100000000-0x0000000140000000, reserved size: 1073741824
Narrow klass base: 0x0000000000000000, Narrow klass shift: 3, Narrow klass range: 0x140000000

GC Precious Log:
 CPUs: 4 total, 4 available
 Memory: 11210M
 Large Page Support: Disabled
 NUMA Support: Disabled
 Compressed Oops: Enabled (32-bit)
 Alignments: Space 512K, Generation 512K, Heap 2M
 Heap Min Capacity: 100M
 Heap Initial Capacity: 100M
 Heap Max Capacity: 1G
 Pre-touch: Disabled
 Parallel Workers: 4

Heap:
 PSYoungGen      total 29696K, used 21729K [0x00000000eab00000, 0x00000000ecc00000, 0x0000000100000000)
  eden space 25600K, 84% used [0x00000000eab00000,0x00000000ec038758,0x00000000ec400000)
  from space 4096K, 0% used [0x00000000ec800000,0x00000000ec800000,0x00000000ecc00000)
  to   space 4096K, 0% used [0x00000000ec400000,0x00000000ec400000,0x00000000ec800000)
 ParOldGen       total 68608K, used 0K [0x00000000c0000000, 0x00000000c4300000, 0x00000000eab00000)
  object space 68608K, 0% used [0x00000000c0000000,0x00000000c0000000,0x00000000c4300000)
 Metaspace       used 10017K, committed 10176K, reserved 1114112K
  class space    used 999K, committed 1088K, reserved 1048576K

Card table byte_map: [0x000002702db00000,0x000002702dd10000] _byte_map_base: 0x000002702d500000

Marking Bits: (ParMarkBitMap*) 0x00007fff3ab5d820
 Begin Bits: [0x000002703fe00000, 0x0000027040e00000)
 End Bits:   [0x0000027040e00000, 0x0000027041e00000)

Polling page: 0x000002702c030000

Metaspace:

Usage:
  Non-class:      8.81 MB used.
      Class:    999.98 KB used.
       Both:      9.78 MB used.

Virtual space:
  Non-class space:       64.00 MB reserved,       8.88 MB ( 14%) committed,  1 nodes.
      Class space:        1.00 GB reserved,       1.06 MB ( <1%) committed,  1 nodes.
             Both:        1.06 GB reserved,       9.94 MB ( <1%) committed. 

Chunk freelists:
   Non-Class:  6.70 MB
       Class:  14.99 MB
        Both:  21.70 MB

MaxMetaspaceSize: unlimited
CompressedClassSpaceSize: 1.00 GB
Initial GC threshold: 21.00 MB
Current GC threshold: 21.00 MB
CDS: off
MetaspaceReclaimPolicy: balanced
 - commit_granule_bytes: 65536.
 - commit_granule_words: 8192.
 - virtual_space_node_default_size: 8388608.
 - enlarge_chunks_in_place: 1.
 - new_chunks_are_fully_committed: 0.
 - uncommit_free_chunks: 1.
 - use_allocation_guard: 0.
 - handle_deallocations: 1.


Internal statistics:

num_allocs_failed_limit: 0.
num_arena_births: 14.
num_arena_deaths: 0.
num_vsnodes_births: 2.
num_vsnodes_deaths: 0.
num_space_committed: 159.
num_space_uncommitted: 0.
num_chunks_returned_to_freelist: 0.
num_chunks_taken_from_freelist: 68.
num_chunk_merges: 0.
num_chunk_splits: 40.
num_chunks_enlarged: 31.
num_inconsistent_stats: 0.

CodeHeap 'non-profiled nmethods': size=120000Kb used=334Kb max_used=334Kb free=119665Kb
 bounds [0x00000270388d0000, 0x0000027038b40000, 0x000002703fe00000]
CodeHeap 'profiled nmethods': size=120000Kb used=1379Kb max_used=1379Kb free=118620Kb
 bounds [0x0000027030e00000, 0x0000027031070000, 0x0000027038330000]
CodeHeap 'non-nmethods': size=5760Kb used=1134Kb max_used=1161Kb free=4625Kb
 bounds [0x0000027038330000, 0x00000270385a0000, 0x00000270388d0000]
 total_blobs=1240 nmethods=816 adapters=340
 compilation: enabled
              stopped_count=0, restarted_count=0
 full_count=0

Compilation events (20 events):
Event: 3.969 Thread 0x0000027047127530 nmethod 801 0x0000027030f50090 code [0x0000027030f50360, 0x0000027030f51148]
Event: 3.969 Thread 0x0000027047127530  802       3       java.util.LinkedHashMap::<init> (16 bytes)
Event: 3.970 Thread 0x0000027047127530 nmethod 802 0x0000027030f51510 code [0x0000027030f516c0, 0x0000027030f51928]
Event: 3.970 Thread 0x0000027047127530  803       3       java.util.jar.Attributes::clone (9 bytes)
Event: 3.970 Thread 0x0000027047127530 nmethod 803 0x0000027030f51a90 code [0x0000027030f51c60, 0x0000027030f520e8]
Event: 3.970 Thread 0x0000027047127530  804       3       java.util.jar.Attributes::entrySet (10 bytes)
Event: 3.970 Thread 0x0000027047127530 nmethod 804 0x0000027030f52310 code [0x0000027030f524c0, 0x0000027030f52688]
Event: 3.971 Thread 0x0000027047127530  805       3       java.util.LinkedHashMap::entrySet (27 bytes)
Event: 3.971 Thread 0x0000027047127530 nmethod 805 0x0000027030f52790 code [0x0000027030f52960, 0x0000027030f52cd8]
Event: 3.971 Thread 0x0000027047127530  806       3       java.util.LinkedHashMap$LinkedEntrySet::iterator (12 bytes)
Event: 3.971 Thread 0x0000027047127530 nmethod 806 0x0000027030f52e10 code [0x0000027030f52fc0, 0x0000027030f53298]
Event: 3.982 Thread 0x00000270478c7b90 nmethod 797 0x0000027038920310 code [0x0000027038920520, 0x0000027038920ef0]
Event: 3.982 Thread 0x00000270478c7b90  807       4       sun.security.util.ManifestDigester::findSection (181 bytes)
Event: 3.986 Thread 0x00000270478c7b90 nmethod 807 0x0000027038921590 code [0x0000027038921720, 0x00000270389219d8]
Event: 3.986 Thread 0x00000270478c7b90  798       4       java.util.HashMap::hash (20 bytes)
Event: 3.987 Thread 0x00000270478c7b90 nmethod 798 0x0000027038921c10 code [0x0000027038921d80, 0x0000027038921e58]
Event: 3.987 Thread 0x00000270478c7b90  794       4       java.util.jar.Manifest$FastInputStream::readLine (9 bytes)
Event: 4.000 Thread 0x00000270478c7b90 nmethod 794 0x0000027038922210 code [0x00000270389223c0, 0x0000027038922a38]
Event: 4.028 Thread 0x0000027047127530  809       3       sun.security.util.DerOutputStream::putLength (147 bytes)
Event: 4.030 Thread 0x0000027047127530 nmethod 809 0x0000027030f53410 code [0x0000027030f537e0, 0x0000027030f55ba8]

GC Heap History (0 events):
No events

Dll operation events (8 events):
Event: 0.015 Loaded shared library c:\Users\Askabdelaziz\.vscode\extensions\redhat.java-1.31.0-win32-x64\jre\17.0.11-win32-x86_64\bin\java.dll
Event: 0.848 Loaded shared library c:\Users\Askabdelaziz\.vscode\extensions\redhat.java-1.31.0-win32-x64\jre\17.0.11-win32-x86_64\bin\zip.dll
Event: 0.853 Loaded shared library C:\Users\Askabdelaziz\.vscode\extensions\redhat.java-1.31.0-win32-x64\jre\17.0.11-win32-x86_64\bin\instrument.dll
Event: 1.121 Loaded shared library C:\Users\Askabdelaziz\.vscode\extensions\redhat.java-1.31.0-win32-x64\jre\17.0.11-win32-x86_64\bin\net.dll
Event: 1.126 Loaded shared library C:\Users\Askabdelaziz\.vscode\extensions\redhat.java-1.31.0-win32-x64\jre\17.0.11-win32-x86_64\bin\nio.dll
Event: 1.136 Loaded shared library C:\Users\Askabdelaziz\.vscode\extensions\redhat.java-1.31.0-win32-x64\jre\17.0.11-win32-x86_64\bin\zip.dll
Event: 1.255 Loaded shared library C:\Users\Askabdelaziz\.vscode\extensions\redhat.java-1.31.0-win32-x64\jre\17.0.11-win32-x86_64\bin\jimage.dll
Event: 1.662 Loaded shared library c:\Users\Askabdelaziz\.vscode\extensions\redhat.java-1.31.0-win32-x64\jre\17.0.11-win32-x86_64\bin\verify.dll

Deoptimization events (20 events):
Event: 3.981 Thread 0x000002702e161d80 DEOPT PACKING pc=0x0000027030f13180 sp=0x000000dab20fd890
Event: 3.981 Thread 0x000002702e161d80 DEOPT UNPACKING pc=0x0000027038386e43 sp=0x000000dab20fcd00 mode 0
Event: 3.981 Thread 0x000002702e161d80 DEOPT PACKING pc=0x0000027030f13180 sp=0x000000dab20fd890
Event: 3.981 Thread 0x000002702e161d80 DEOPT UNPACKING pc=0x0000027038386e43 sp=0x000000dab20fcd00 mode 0
Event: 3.981 Thread 0x000002702e161d80 DEOPT PACKING pc=0x0000027030f13180 sp=0x000000dab20fd890
Event: 3.981 Thread 0x000002702e161d80 DEOPT UNPACKING pc=0x0000027038386e43 sp=0x000000dab20fcd00 mode 0
Event: 3.982 Thread 0x000002702e161d80 DEOPT PACKING pc=0x0000027030f13180 sp=0x000000dab20fd890
Event: 3.982 Thread 0x000002702e161d80 DEOPT UNPACKING pc=0x0000027038386e43 sp=0x000000dab20fcd00 mode 0
Event: 3.982 Thread 0x000002702e161d80 DEOPT PACKING pc=0x0000027030f13180 sp=0x000000dab20fd890
Event: 3.982 Thread 0x000002702e161d80 DEOPT UNPACKING pc=0x0000027038386e43 sp=0x000000dab20fcd00 mode 0
Event: 3.982 Thread 0x000002702e161d80 DEOPT PACKING pc=0x0000027030f13180 sp=0x000000dab20fd890
Event: 3.982 Thread 0x000002702e161d80 DEOPT UNPACKING pc=0x0000027038386e43 sp=0x000000dab20fcd00 mode 0
Event: 3.982 Thread 0x000002702e161d80 DEOPT PACKING pc=0x0000027030f13180 sp=0x000000dab20fd890
Event: 3.982 Thread 0x000002702e161d80 DEOPT UNPACKING pc=0x0000027038386e43 sp=0x000000dab20fcd00 mode 0
Event: 3.983 Thread 0x000002702e161d80 DEOPT PACKING pc=0x0000027030f13180 sp=0x000000dab20fd890
Event: 3.983 Thread 0x000002702e161d80 DEOPT UNPACKING pc=0x0000027038386e43 sp=0x000000dab20fcd00 mode 0
Event: 3.988 Thread 0x000002702e161d80 Uncommon trap: trap_request=0xffffff45 fr.pc=0x0000027038916cbc relative=0x000000000000027c
Event: 3.988 Thread 0x000002702e161d80 Uncommon trap: reason=unstable_if action=reinterpret pc=0x0000027038916cbc method=java.lang.invoke.VarHandle.checkExactAccessMode(Ljava/lang/invoke/VarHandle$AccessDescriptor;)V @ 4 c2
Event: 3.988 Thread 0x000002702e161d80 DEOPT PACKING pc=0x0000027038916cbc sp=0x000000dab20fd420
Event: 3.988 Thread 0x000002702e161d80 DEOPT UNPACKING pc=0x00000270383866a3 sp=0x000000dab20fd3f0 mode 2

Classes unloaded (0 events):
No events

Classes redefined (0 events):
No events

Internal exceptions (10 events):
Event: 0.699 Thread 0x000002702e161d80 Exception <a 'java/lang/NoSuchMethodError'{0x00000000eacb4f18}: 'void java.lang.invoke.DirectMethodHandle$Holder.invokeStatic(java.lang.Object, java.lang.Object, java.lang.Object)'> (0x00000000eacb4f18) 
thrown [s\src\hotspot\share\interpreter\linkResolver.cpp, line 759]
Event: 2.070 Thread 0x000002702e161d80 Exception <a 'java/lang/reflect/InvocationTargetException'{0x00000000eafd85e8}> (0x00000000eafd85e8) 
thrown [s\src\hotspot\share\runtime\reflection.cpp, line 1121]
Event: 3.453 Thread 0x000002702e161d80 Exception <a 'java/lang/ClassNotFoundException'{0x00000000eb84f328}: sun/net/www/protocol/c/Handler> (0x00000000eb84f328) 
thrown [s\src\hotspot\share\classfile\systemDictionary.cpp, line 256]
Event: 3.467 Thread 0x000002702e161d80 Exception <a 'java/io/FileNotFoundException'{0x00000000eb86a540}> (0x00000000eb86a540) 
thrown [s\src\hotspot\share\prims\jni.cpp, line 516]
Event: 3.468 Thread 0x000002702e161d80 Exception <a 'java/io/FileNotFoundException'{0x00000000eb86b2a8}> (0x00000000eb86b2a8) 
thrown [s\src\hotspot\share\prims\jni.cpp, line 516]
Event: 3.479 Thread 0x000002702e161d80 Exception <a 'java/io/FileNotFoundException'{0x00000000eb86bff0}> (0x00000000eb86bff0) 
thrown [s\src\hotspot\share\prims\jni.cpp, line 516]
Event: 3.479 Thread 0x000002702e161d80 Exception <a 'java/io/FileNotFoundException'{0x00000000eb86cd08}> (0x00000000eb86cd08) 
thrown [s\src\hotspot\share\prims\jni.cpp, line 516]
Event: 3.532 Thread 0x000002702e161d80 Implicit null exception at 0x00000270388f4672 to 0x00000270388f4b40
Event: 3.532 Thread 0x000002702e161d80 Implicit null exception at 0x00000270388f51f2 to 0x00000270388f56f8
Event: 3.536 Thread 0x000002702e161d80 Exception <a 'java/io/FileNotFoundException'{0x00000000eb8a5b78}> (0x00000000eb8a5b78) 
thrown [s\src\hotspot\share\prims\jni.cpp, line 516]

VM Operations (14 events):
Event: 0.709 Executing VM operation: HandshakeAllThreads
Event: 0.709 Executing VM operation: HandshakeAllThreads done
Event: 1.369 Executing VM operation: HandshakeAllThreads
Event: 1.369 Executing VM operation: HandshakeAllThreads done
Event: 1.369 Executing VM operation: Cleanup
Event: 1.369 Executing VM operation: Cleanup done
Event: 2.381 Executing VM operation: Cleanup
Event: 2.382 Executing VM operation: Cleanup done
Event: 3.354 Executing VM operation: HandshakeAllThreads
Event: 3.354 Executing VM operation: HandshakeAllThreads done
Event: 3.446 Executing VM operation: HandshakeAllThreads
Event: 3.446 Executing VM operation: HandshakeAllThreads done
Event: 3.446 Executing VM operation: Cleanup
Event: 3.446 Executing VM operation: Cleanup done

Events (20 events):
Event: 3.988 loading class jdk/internal/logger/AbstractLoggerWrapper
Event: 3.988 loading class jdk/internal/logger/AbstractLoggerWrapper done
Event: 3.988 loading class jdk/internal/logger/LazyLoggers$LazyLoggerWrapper done
Event: 3.988 loading class jdk/internal/logger/LazyLoggers$JdkLazyLogger done
Event: 3.988 loading class jdk/internal/logger/LazyLoggers$LazyLoggerAccessor
Event: 3.988 loading class jdk/internal/logger/LazyLoggers$LoggerAccessor
Event: 3.988 loading class jdk/internal/logger/LazyLoggers$LoggerAccessor done
Event: 3.988 loading class jdk/internal/logger/LazyLoggers$LazyLoggerAccessor done
Event: 3.989 loading class jdk/internal/logger/BootstrapLogger$RedirectedLoggers
Event: 3.989 loading class jdk/internal/logger/BootstrapLogger$RedirectedLoggers done
Event: 3.989 loading class jdk/internal/logger/SurrogateLogger
Event: 3.989 loading class jdk/internal/logger/SimpleConsoleLogger
Event: 4.027 loading class sun/util/logging/PlatformLogger$ConfigurableBridge$LoggerConfiguration
Event: 4.027 loading class sun/util/logging/PlatformLogger$ConfigurableBridge$LoggerConfiguration done
Event: 4.027 loading class jdk/internal/logger/SimpleConsoleLogger done
Event: 4.027 loading class jdk/internal/logger/SurrogateLogger done
Event: 4.027 loading class sun/util/logging/PlatformLogger
Event: 4.027 loading class sun/util/logging/PlatformLogger done
Event: 4.027 loading class sun/util/logging/PlatformLogger$Level
Event: 4.028 loading class sun/util/logging/PlatformLogger$Level done


Dynamic libraries:
0x00007ff6bdc60000 - 0x00007ff6bdc6e000 	c:\Users\Askabdelaziz\.vscode\extensions\redhat.java-1.31.0-win32-x64\jre\17.0.11-win32-x86_64\bin\java.exe
0x00007fff85210000 - 0x00007fff85408000 	C:\Windows\SYSTEM32\ntdll.dll
0x00007fff839c0000 - 0x00007fff83a7d000 	C:\Windows\System32\KERNEL32.DLL
0x00007fff82da0000 - 0x00007fff83096000 	C:\Windows\System32\KERNELBASE.dll
0x00007fff82c00000 - 0x00007fff82d00000 	C:\Windows\System32\ucrtbase.dll
0x00007fff74280000 - 0x00007fff74297000 	c:\Users\Askabdelaziz\.vscode\extensions\redhat.java-1.31.0-win32-x64\jre\17.0.11-win32-x86_64\bin\jli.dll
0x00007fff83a80000 - 0x00007fff83c1f000 	C:\Windows\System32\USER32.dll
0x00007fff82d70000 - 0x00007fff82d92000 	C:\Windows\System32\win32u.dll
0x00007fff84ea0000 - 0x00007fff84ecb000 	C:\Windows\System32\GDI32.dll
0x00007fff82ae0000 - 0x00007fff82bf7000 	C:\Windows\System32\gdi32full.dll
0x00007fff831b0000 - 0x00007fff8324d000 	C:\Windows\System32\msvcp_win.dll
0x00007fff74220000 - 0x00007fff7423b000 	c:\Users\Askabdelaziz\.vscode\extensions\redhat.java-1.31.0-win32-x64\jre\17.0.11-win32-x86_64\bin\VCRUNTIME140.dll
0x00007fff73b20000 - 0x00007fff73dba000 	C:\Windows\WinSxS\amd64_microsoft.windows.common-controls_6595b64144ccf1df_6.0.19041.4355_none_60b8b9eb71f62e16\COMCTL32.dll
0x00007fff83890000 - 0x00007fff8392e000 	C:\Windows\System32\msvcrt.dll
0x00007fff83730000 - 0x00007fff8375f000 	C:\Windows\System32\IMM32.DLL
0x00007fff74270000 - 0x00007fff7427c000 	c:\Users\Askabdelaziz\.vscode\extensions\redhat.java-1.31.0-win32-x64\jre\17.0.11-win32-x86_64\bin\vcruntime140_1.dll
0x00007fff5dfc0000 - 0x00007fff5e04d000 	c:\Users\Askabdelaziz\.vscode\extensions\redhat.java-1.31.0-win32-x64\jre\17.0.11-win32-x86_64\bin\msvcp140.dll
0x00007fff39fc0000 - 0x00007fff3ac22000 	c:\Users\Askabdelaziz\.vscode\extensions\redhat.java-1.31.0-win32-x64\jre\17.0.11-win32-x86_64\bin\server\jvm.dll
0x00007fff84a90000 - 0x00007fff84b40000 	C:\Windows\System32\ADVAPI32.dll
0x00007fff83690000 - 0x00007fff83730000 	C:\Windows\System32\sechost.dll
0x00007fff83300000 - 0x00007fff83423000 	C:\Windows\System32\RPCRT4.dll
0x00007fff83180000 - 0x00007fff831a7000 	C:\Windows\System32\bcrypt.dll
0x00007fff81e50000 - 0x00007fff81e9b000 	C:\Windows\SYSTEM32\POWRPROF.dll
0x00007fff61310000 - 0x00007fff61319000 	C:\Windows\SYSTEM32\WSOCK32.dll
0x00007fff849c0000 - 0x00007fff84a2b000 	C:\Windows\System32\WS2_32.dll
0x00007fff7c620000 - 0x00007fff7c647000 	C:\Windows\SYSTEM32\WINMM.dll
0x00007fff7cbe0000 - 0x00007fff7cbea000 	C:\Windows\SYSTEM32\VERSION.dll
0x00007fff81cc0000 - 0x00007fff81cd2000 	C:\Windows\SYSTEM32\UMPDC.dll
0x00007fff80770000 - 0x00007fff80782000 	C:\Windows\SYSTEM32\kernel.appcore.dll
0x00007fff74210000 - 0x00007fff7421a000 	c:\Users\Askabdelaziz\.vscode\extensions\redhat.java-1.31.0-win32-x64\jre\17.0.11-win32-x86_64\bin\jimage.dll
0x00007fff77210000 - 0x00007fff773f4000 	C:\Windows\SYSTEM32\DBGHELP.DLL
0x00007fff77570000 - 0x00007fff775a4000 	C:\Windows\SYSTEM32\dbgcore.DLL
0x00007fff830f0000 - 0x00007fff83172000 	C:\Windows\System32\bcryptPrimitives.dll
0x00007fff741d0000 - 0x00007fff741de000 	c:\Users\Askabdelaziz\.vscode\extensions\redhat.java-1.31.0-win32-x64\jre\17.0.11-win32-x86_64\bin\instrument.dll
0x00007fff672f0000 - 0x00007fff67315000 	c:\Users\Askabdelaziz\.vscode\extensions\redhat.java-1.31.0-win32-x64\jre\17.0.11-win32-x86_64\bin\java.dll
0x00007fff6cc60000 - 0x00007fff6cc78000 	c:\Users\Askabdelaziz\.vscode\extensions\redhat.java-1.31.0-win32-x64\jre\17.0.11-win32-x86_64\bin\zip.dll
0x00007fff840a0000 - 0x00007fff8480c000 	C:\Windows\System32\SHELL32.dll
0x00007fff80970000 - 0x00007fff8110d000 	C:\Windows\SYSTEM32\windows.storage.dll
0x00007fff84b40000 - 0x00007fff84e93000 	C:\Windows\System32\combase.dll
0x00007fff822f0000 - 0x00007fff8231e000 	C:\Windows\SYSTEM32\Wldp.dll
0x00007fff835c0000 - 0x00007fff8368d000 	C:\Windows\System32\OLEAUT32.dll
0x00007fff83250000 - 0x00007fff832fd000 	C:\Windows\System32\SHCORE.dll
0x00007fff84ff0000 - 0x00007fff85045000 	C:\Windows\System32\shlwapi.dll
0x00007fff82800000 - 0x00007fff82824000 	C:\Windows\SYSTEM32\profapi.dll
0x00007fff67370000 - 0x00007fff67389000 	C:\Users\Askabdelaziz\.vscode\extensions\redhat.java-1.31.0-win32-x64\jre\17.0.11-win32-x86_64\bin\net.dll
0x00007fff7c860000 - 0x00007fff7c96a000 	C:\Windows\SYSTEM32\WINHTTP.dll
0x00007fff82050000 - 0x00007fff820ba000 	C:\Windows\system32\mswsock.dll
0x00007fff672d0000 - 0x00007fff672e6000 	C:\Users\Askabdelaziz\.vscode\extensions\redhat.java-1.31.0-win32-x64\jre\17.0.11-win32-x86_64\bin\nio.dll
0x00007fff741c0000 - 0x00007fff741d0000 	c:\Users\Askabdelaziz\.vscode\extensions\redhat.java-1.31.0-win32-x64\jre\17.0.11-win32-x86_64\bin\verify.dll

dbghelp: loaded successfully - version: 4.0.5 - missing functions: none
symbol engine: initialized successfully - sym options: 0x614 - pdb path: .;c:\Users\Askabdelaziz\.vscode\extensions\redhat.java-1.31.0-win32-x64\jre\17.0.11-win32-x86_64\bin;C:\Windows\SYSTEM32;C:\Windows\WinSxS\amd64_microsoft.windows.common-controls_6595b64144ccf1df_6.0.19041.4355_none_60b8b9eb71f62e16;c:\Users\Askabdelaziz\.vscode\extensions\redhat.java-1.31.0-win32-x64\jre\17.0.11-win32-x86_64\bin\server

VM Arguments:
jvm_args: --add-modules=ALL-SYSTEM --add-opens=java.base/java.util=ALL-UNNAMED --add-opens=java.base/java.lang=ALL-UNNAMED --add-opens=java.base/sun.nio.fs=ALL-UNNAMED -Declipse.application=org.eclipse.jdt.ls.core.id1 -Dosgi.bundles.defaultStartLevel=4 -Declipse.product=org.eclipse.jdt.ls.core.product -Djava.import.generatesMetadataFilesAtProjectRoot=false -DDetectVMInstallationsJob.disabled=true -Dfile.encoding=utf8 -XX:+UseParallelGC -XX:GCTimeRatio=4 -XX:AdaptiveSizePolicyWeight=90 -Dsun.zip.disableMemoryMapping=true -Xmx1G -Xms100m -Xlog:disable -javaagent:c:\Users\Askabdelaziz\.vscode\extensions\redhat.java-1.31.0-win32-x64\lombok\lombok-1.18.32.jar -XX:+HeapDumpOnOutOfMemoryError -XX:HeapDumpPath=c:\Users\Askabdelaziz\AppData\Roaming\Code\User\workspaceStorage\d1b12ed4273305afbc68e5785b452aaf\redhat.java -Daether.dependencyCollector.impl=bf 
java_command: c:\Users\Askabdelaziz\.vscode\extensions\redhat.java-1.31.0-win32-x64\server\plugins\org.eclipse.equinox.launcher_1.6.800.v20240513-1750.jar -configuration c:\Users\Askabdelaziz\AppData\Roaming\Code\User\globalStorage\redhat.java\1.31.0\config_win -data c:\Users\Askabdelaziz\AppData\Roaming\Code\User\workspaceStorage\d1b12ed4273305afbc68e5785b452aaf\redhat.java\jdt_ws --pipe=\\.\pipe\lsp-bb026bf7fe04eb35f84a46b6cb5f3a44-sock
java_class_path (initial): c:\Users\Askabdelaziz\.vscode\extensions\redhat.java-1.31.0-win32-x64\server\plugins\org.eclipse.equinox.launcher_1.6.800.v20240513-1750.jar
Launcher Type: SUN_STANDARD

[Global flags]
    uintx AdaptiveSizePolicyWeight                 = 90                                        {product} {command line}
     intx CICompilerCount                          = 3                                         {product} {ergonomic}
    uintx GCTimeRatio                              = 4                                         {product} {command line}
     bool HeapDumpOnOutOfMemoryError               = true                                   {manageable} {command line}
    ccstr HeapDumpPath                             = c:\Users\Askabdelaziz\AppData\Roaming\Code\User\workspaceStorage\d1b12ed4273305afbc68e5785b452aaf\redhat.java         {manageable} {command line}
   size_t InitialHeapSize                          = 104857600                                 {product} {command line}
   size_t MaxHeapSize                              = 1073741824                                {product} {command line}
   size_t MaxNewSize                               = 357564416                                 {product} {ergonomic}
   size_t MinHeapDeltaBytes                        = 524288                                    {product} {ergonomic}
   size_t MinHeapSize                              = 104857600                                 {product} {command line}
   size_t NewSize                                  = 34603008                                  {product} {ergonomic}
    uintx NonNMethodCodeHeapSize                   = 5832780                                {pd product} {ergonomic}
    uintx NonProfiledCodeHeapSize                  = 122912730                              {pd product} {ergonomic}
   size_t OldSize                                  = 70254592                                  {product} {ergonomic}
    uintx ProfiledCodeHeapSize                     = 122912730                              {pd product} {ergonomic}
    uintx ReservedCodeCacheSize                    = 251658240                              {pd product} {ergonomic}
     bool SegmentedCodeCache                       = true                                      {product} {ergonomic}
   size_t SoftMaxHeapSize                          = 1073741824                             {manageable} {ergonomic}
     bool UseCompressedClassPointers               = true                           {product lp64_product} {ergonomic}
     bool UseCompressedOops                        = true                           {product lp64_product} {ergonomic}
     bool UseLargePagesIndividualAllocation        = false                                  {pd product} {ergonomic}
     bool UseParallelGC                            = true                                      {product} {command line}

Logging:
Log output configuration:
 #0: stdout all=off uptime,level,tags
 #1: stderr all=off uptime,level,tags

Environment Variables:
JAVA_HOME=B:\System\java
PATH=B:\python\Scripts\;B:\python\;C:\Program Files\Microsoft\jdk-17.0.11.9-hotspot\bin;C:\Program Files\Common Files\Oracle\Java\javapath;B:\System\platforms;C:\Python312\Scripts\;C:\Python312\;C:\Windows\system32;C:\Windows;C:\Windows\System32\Wbem;C:\Windows\System32\WindowsPowerShell\v1.0\;C:\Windows\System32\OpenSSH\;B:\System\Nodejs\;C:\ProgramData\chocolatey\bin;B:\System\yarn\bin\;B:\System\platform-tools;B:\System\Git\cmd;C:\Program Files (x86)\Microsoft SQL Server\160\Tools\Binn\;C:\Program Files\Microsoft SQL Server\160\Tools\Binn\;C:\Program Files\Microsoft SQL Server\Client SDK\ODBC\170\Tools\Binn\;C:\Program Files\Microsoft SQL Server\160\DTS\Binn\;C:\Program Files (x86)\Microsoft SQL Server\160\DTS\Binn\;C:\Program Files\Oracle\VirtualBox;C:\Users\Askabdelaziz\AppData\Local\jdk-11.0.2\bin;C:\Program Files\java\jdk-17.0.9;C:\Users\Askabdelaziz\AppData\Local\Microsoft\WindowsApps;B:\System\Microsoft VS Code\bin;C:\Users\Askabdelaziz\AppData\Roaming\npm;C:\Users\Askabdelaziz\AppData\Local\Yarn\bin;B:\System
USERNAME=Askabdelaziz
OS=Windows_NT
PROCESSOR_IDENTIFIER=AMD64 Family 21 Model 56 Stepping 1, AuthenticAMD
TMP=C:\Users\ASKABD~1\AppData\Local\Temp
TEMP=C:\Users\ASKABD~1\AppData\Local\Temp



Periodic native trim disabled


---------------  S Y S T E M  ---------------

OS:
 Windows 10 , 64 bit Build 19041 (10.0.19041.3636)
OS uptime: 1 days 8:33 hours

CPU: total 4 (initial active 4) (4 cores per cpu, 1 threads per core) family 21 model 56 stepping 1 microcode 0x0, cx8, cmov, fxsr, mmx, 3dnowpref, sse, sse2, sse3, ssse3, sse4a, sse4.1, sse4.2, popcnt, lzcnt, tsc, tscinvbit, avx, aes, clmul, bmi1, fma, vzeroupper, clflush
Processor Information for all 4 processors :
  Max Mhz: 3200, Current Mhz: 3200, Mhz Limit: 3200

Memory: 4k page, system-wide physical 11210M (501M free)
TotalPageFile size 26403M (AvailPageFile size 2M)
current process WorkingSet (physical memory assigned to process): 66M, peak: 66M
current process commit charge ("private bytes"): 185M, peak: 186M

vm_info: OpenJDK 64-Bit Server VM (17.0.11+9) for windows-amd64 JRE (17.0.11+9), built on Apr 17 2024 06:07:48 by "admin" with MS VC++ 16.10 / 16.11 (VS2019)

END.
