#
# There is insufficient memory for the Java Runtime Environment to continue.
# Native memory allocation (malloc) failed to allocate 2135072 bytes for Chunk::new
# Possible reasons:
#   The system is out of physical RAM or swap space
#   The process is running with CompressedOops enabled, and the Java Heap may be blocking the growth of the native heap
# Possible solutions:
#   Reduce memory load on the system
#   Increase physical memory or swap space
#   Check if swap backing store is full
#   Decrease Java heap size (-Xmx/-Xms)
#   Decrease number of Java threads
#   Decrease Java thread stack sizes (-Xss)
#   Set larger code cache with -XX:ReservedCodeCacheSize=
#   JVM is running with Unscaled Compressed Oops mode in which the Java heap is
#     placed in the first 4GB address space. The Java Heap base address is the
#     maximum limit for the native heap growth. Please use -XX:HeapBaseMinAddress
#     to set the Java Heap base and to place the Java Heap above 4GB virtual address.
# This output file may be truncated or incomplete.
#
#  Out of Memory Error (arena.cpp:189), pid=14428, tid=12528
#
# JRE version: Java(TM) SE Runtime Environment (17.0.11+7) (build 17.0.11+7-LTS-207)
# Java VM: Java HotSpot(TM) 64-Bit Server VM (17.0.11+7-LTS-207, mixed mode, sharing, tiered, compressed oops, compressed class ptrs, g1 gc, windows-amd64)
# No core dump will be written. Minidumps are not enabled by default on client versions of Windows
#

---------------  S U M M A R Y ------------

Command Line: -XX:MaxMetaspaceSize=512m --add-opens=java.base/java.util=ALL-UNNAMED --add-opens=java.base/java.lang=ALL-UNNAMED --add-opens=java.base/java.lang.invoke=ALL-UNNAMED --add-opens=java.prefs/java.util.prefs=ALL-UNNAMED --add-opens=java.base/java.nio.charset=ALL-UNNAMED --add-opens=java.base/java.net=ALL-UNNAMED --add-opens=java.base/java.util.concurrent.atomic=ALL-UNNAMED -Xmx2048m -Dfile.encoding=windows-1252 -Duser.country=US -Duser.language=en -Duser.variant -javaagent:C:\Users\Askabdelaziz\.gradle\wrapper\dists\gradle-8.5-all\3zlzzgtsutfj0pbojr50n2l7z\gradle-8.5\lib\agents\gradle-instrumentation-agent-8.5.jar org.gradle.launcher.daemon.bootstrap.GradleDaemon 8.5

Host: AMD PRO A8-8650B R7, 10 Compute Cores 4C+6G    , 4 cores, 10G,  Windows 10 , 64 bit Build 19041 (10.0.19041.3636)
Time: Sun Jun 23 08:04:30 2024 Egypt Daylight Time elapsed time: 133.870318 seconds (0d 0h 2m 13s)

---------------  T H R E A D  ---------------

Current thread (0x000001e3a455da10):  JavaThread "C2 CompilerThread0" daemon [_thread_in_native, id=12528, stack(0x000000a36b300000,0x000000a36b400000)]


Current CompileTask:
C2: 133870 10080   !   4       java.net.URLClassLoader::findClass (47 bytes)

Stack: [0x000000a36b300000,0x000000a36b400000]
Native frames: (J=compiled Java code, j=interpreted, Vv=VM code, C=native code)
V  [jvm.dll+0x679cca]
V  [jvm.dll+0x7da13d]
V  [jvm.dll+0x7dba83]
V  [jvm.dll+0x7dc0f3]
V  [jvm.dll+0x2449af]
V  [jvm.dll+0xab83b]
V  [jvm.dll+0xabe1c]
V  [jvm.dll+0x3615ae]
V  [jvm.dll+0x32bd61]
V  [jvm.dll+0x32b1fa]
V  [jvm.dll+0x2161df]
V  [jvm.dll+0x21560f]
V  [jvm.dll+0x1a2040]
V  [jvm.dll+0x225a2b]
V  [jvm.dll+0x223bcb]
V  [jvm.dll+0x7903ec]
V  [jvm.dll+0x78a85a]
V  [jvm.dll+0x678bb5]
C  [ucrtbase.dll+0x21bb2]
C  [KERNEL32.DLL+0x17344]
C  [ntdll.dll+0x4cc91]


---------------  P R O C E S S  ---------------

Threads class SMR info:
_java_thread_list=0x000001e3c76e9470, length=72, elements={
0x000001e386bd6100, 0x000001e3a453e100, 0x000001e3a453ee90, 0x000001e3a45590d0,
0x000001e3a4559ba0, 0x000001e3a455a470, 0x000001e3a455ad40, 0x000001e3a455da10,
0x000001e3a455e3d0, 0x000001e3a46e8050, 0x000001e3a4719c10, 0x000001e3a4872810,
0x000001e3c55fc160, 0x000001e3c5099bc0, 0x000001e3c5001210, 0x000001e3c5b5a030,
0x000001e3c524f8b0, 0x000001e3c466a4a0, 0x000001e3c466a9b0, 0x000001e3c466aec0,
0x000001e3c4669a80, 0x000001e3c466b8e0, 0x000001e3c466c300, 0x000001e3c4668b50,
0x000001e3c4669060, 0x000001e3c4669f90, 0x000001e3c6fc0810, 0x000001e3c6fbf8e0,
0x000001e3c6fbfdf0, 0x000001e3c6fbda80, 0x000001e3c6fbe4a0, 0x000001e3c6fbe9b0,
0x000001e3c6fbeec0, 0x000001e3c6fbf3d0, 0x000001e3c6fc0300, 0x000001e3a47fed30,
0x000001e3a47ff240, 0x000001e3a48010a0, 0x000001e3a48024e0, 0x000001e3a4801ac0,
0x000001e3a4801fd0, 0x000001e3c466b3d0, 0x000001e3c4669570, 0x000001e3a47cfa90,
0x000001e3a47d04b0, 0x000001e3a47cd720, 0x000001e3a47ce650, 0x000001e3a47ce140,
0x000001e3a47d0ed0, 0x000001e3a47cf070, 0x000001e3c6d42c50, 0x000001e3c6d41d20,
0x000001e3c6d42230, 0x000001e3c6d408e0, 0x000001e3c6d3f4a0, 0x000001e3c6d40df0,
0x000001e3c6d41300, 0x000001e3c6d43670, 0x000001e3c6d41810, 0x000001e3c6d3cc20,
0x000001e3c6d3e060, 0x000001e3c6d3ea80, 0x000001e3c6d3f9b0, 0x000001e3c6d42740,
0x000001e3c6d3ef90, 0x000001e3c6d44090, 0x000001e3c6d445a0, 0x000001e3c6d3d130,
0x000001e3c6d3d640, 0x000001e3c6d43b80, 0x000001e3c6d3db50, 0x000001e3c6d3e570
}

Java Threads: ( => current thread )
  0x000001e386bd6100 JavaThread "main" [_thread_blocked, id=19984, stack(0x000000a36a600000,0x000000a36a700000)]
  0x000001e3a453e100 JavaThread "Reference Handler" daemon [_thread_blocked, id=12432, stack(0x000000a36ad00000,0x000000a36ae00000)]
  0x000001e3a453ee90 JavaThread "Finalizer" daemon [_thread_blocked, id=9236, stack(0x000000a36ae00000,0x000000a36af00000)]
  0x000001e3a45590d0 JavaThread "Signal Dispatcher" daemon [_thread_blocked, id=15456, stack(0x000000a36af00000,0x000000a36b000000)]
  0x000001e3a4559ba0 JavaThread "Attach Listener" daemon [_thread_blocked, id=23228, stack(0x000000a36b000000,0x000000a36b100000)]
  0x000001e3a455a470 JavaThread "Service Thread" daemon [_thread_blocked, id=22200, stack(0x000000a36b100000,0x000000a36b200000)]
  0x000001e3a455ad40 JavaThread "Monitor Deflation Thread" daemon [_thread_blocked, id=4860, stack(0x000000a36b200000,0x000000a36b300000)]
=>0x000001e3a455da10 JavaThread "C2 CompilerThread0" daemon [_thread_in_native, id=12528, stack(0x000000a36b300000,0x000000a36b400000)]
  0x000001e3a455e3d0 JavaThread "C1 CompilerThread0" daemon [_thread_blocked, id=17852, stack(0x000000a36b400000,0x000000a36b500000)]
  0x000001e3a46e8050 JavaThread "Sweeper thread" daemon [_thread_blocked, id=11536, stack(0x000000a36b500000,0x000000a36b600000)]
  0x000001e3a4719c10 JavaThread "Common-Cleaner" daemon [_thread_blocked, id=20412, stack(0x000000a36b600000,0x000000a36b700000)]
  0x000001e3a4872810 JavaThread "Notification Thread" daemon [_thread_blocked, id=20624, stack(0x000000a36b700000,0x000000a36b800000)]
  0x000001e3c55fc160 JavaThread "Daemon health stats" [_thread_blocked, id=13020, stack(0x000000a36bc00000,0x000000a36bd00000)]
  0x000001e3c5099bc0 JavaThread "Incoming local TCP Connector on port 62338" [_thread_in_native, id=15544, stack(0x000000a36bd00000,0x000000a36be00000)]
  0x000001e3c5001210 JavaThread "Daemon periodic checks" [_thread_blocked, id=6932, stack(0x000000a36be00000,0x000000a36bf00000)]
  0x000001e3c5b5a030 JavaThread "Daemon" [_thread_blocked, id=8044, stack(0x000000a36bf00000,0x000000a36c000000)]
  0x000001e3c524f8b0 JavaThread "Handler for socket connection from /127.0.0.1:62338 to /127.0.0.1:62339" [_thread_in_native, id=23148, stack(0x000000a36c000000,0x000000a36c100000)]
  0x000001e3c466a4a0 JavaThread "Cancel handler" [_thread_blocked, id=16152, stack(0x000000a36c100000,0x000000a36c200000)]
  0x000001e3c466a9b0 JavaThread "Daemon worker" [_thread_in_vm, id=21816, stack(0x000000a36c200000,0x000000a36c300000)]
  0x000001e3c466aec0 JavaThread "Asynchronous log dispatcher for DefaultDaemonConnection: socket connection from /127.0.0.1:62338 to /127.0.0.1:62339" [_thread_blocked, id=6220, stack(0x000000a36c300000,0x000000a36c400000)]
  0x000001e3c4669a80 JavaThread "Stdin handler" [_thread_blocked, id=20916, stack(0x000000a36c400000,0x000000a36c500000)]
  0x000001e3c466b8e0 JavaThread "Daemon client event forwarder" [_thread_blocked, id=6424, stack(0x000000a36c500000,0x000000a36c600000)]
  0x000001e3c466c300 JavaThread "Cache worker for journal cache (C:\Users\Askabdelaziz\.gradle\caches\journal-1)" [_thread_blocked, id=7296, stack(0x000000a36c600000,0x000000a36c700000)]
  0x000001e3c4668b50 JavaThread "File lock request listener" [_thread_in_native, id=16452, stack(0x000000a36c700000,0x000000a36c800000)]
  0x000001e3c4669060 JavaThread "Cache worker for file hash cache (C:\Users\Askabdelaziz\.gradle\caches\8.5\fileHashes)" [_thread_blocked, id=14696, stack(0x000000a36c900000,0x000000a36ca00000)]
  0x000001e3c4669f90 JavaThread "File watcher server" daemon [_thread_in_native, id=12768, stack(0x000000a36c800000,0x000000a36c900000)]
  0x000001e3c6fc0810 JavaThread "File watcher consumer" daemon [_thread_blocked, id=19504, stack(0x000000a36ca00000,0x000000a36cb00000)]
  0x000001e3c6fbf8e0 JavaThread "Cache worker for checksums cache (B:\Projects\cli\AI\Pixify\android\.gradle\8.5\checksums)" [_thread_blocked, id=14748, stack(0x000000a36cb00000,0x000000a36cc00000)]
  0x000001e3c6fbfdf0 JavaThread "Cache worker for file hash cache (B:\Projects\cli\AI\Pixify\android\.gradle\8.5\fileHashes)" [_thread_blocked, id=21276, stack(0x000000a36cc00000,0x000000a36cd00000)]
  0x000001e3c6fbda80 JavaThread "Cache worker for cache directory md-supplier (C:\Users\Askabdelaziz\.gradle\caches\8.5\md-supplier)" [_thread_blocked, id=12792, stack(0x000000a36cd00000,0x000000a36ce00000)]
  0x000001e3c6fbe4a0 JavaThread "Cache worker for cache directory md-rule (C:\Users\Askabdelaziz\.gradle\caches\8.5\md-rule)" [_thread_blocked, id=23476, stack(0x000000a36ce00000,0x000000a36cf00000)]
  0x000001e3c6fbe9b0 JavaThread "Cache worker for file content cache (C:\Users\Askabdelaziz\.gradle\caches\8.5\fileContent)" [_thread_blocked, id=12992, stack(0x000000a36cf00000,0x000000a36d000000)]
  0x000001e3c6fbeec0 JavaThread "Cache worker for execution history cache (C:\Users\Askabdelaziz\.gradle\caches\8.5\executionHistory)" [_thread_blocked, id=19008, stack(0x000000a36d000000,0x000000a36d100000)]
  0x000001e3c6fbf3d0 JavaThread "jar transforms" [_thread_blocked, id=17112, stack(0x000000a36d200000,0x000000a36d300000)]
  0x000001e3c6fc0300 JavaThread "jar transforms Thread 2" [_thread_blocked, id=17144, stack(0x000000a36d300000,0x000000a36d400000)]
  0x000001e3a47fed30 JavaThread "jar transforms Thread 3" [_thread_blocked, id=18224, stack(0x000000a36d400000,0x000000a36d500000)]
  0x000001e3a47ff240 JavaThread "jar transforms Thread 4" [_thread_blocked, id=12652, stack(0x000000a36d500000,0x000000a36d600000)]
  0x000001e3a48010a0 JavaThread "Cache worker for kotlin-dsl (C:\Users\Askabdelaziz\.gradle\caches\8.5\kotlin-dsl)" [_thread_blocked, id=8468, stack(0x000000a36db00000,0x000000a36dc00000)]
  0x000001e3a48024e0 JavaThread "Unconstrained build operations" [_thread_blocked, id=11684, stack(0x000000a36da00000,0x000000a36db00000)]
  0x000001e3a4801ac0 JavaThread "Unconstrained build operations Thread 2" [_thread_blocked, id=14464, stack(0x000000a36dc00000,0x000000a36dd00000)]
  0x000001e3a4801fd0 JavaThread "Cache worker for dependencies-accessors (B:\Projects\cli\AI\Pixify\android\.gradle\8.5\dependencies-accessors)" [_thread_blocked, id=8360, stack(0x000000a36de00000,0x000000a36df00000)]
  0x000001e3c466b3d0 JavaThread "Cache worker for Build Output Cleanup Cache (B:\Projects\cli\AI\Pixify\node_modules\@react-native\gradle-plugin\.gradle\buildOutputCleanup)" [_thread_blocked, id=6556, stack(0x000000a36df00000,0x000000a36e000000)]
  0x000001e3c4669570 JavaThread "Unconstrained build operations Thread 3" [_thread_blocked, id=6592, stack(0x000000a36e000000,0x000000a36e100000)]
  0x000001e3a47cfa90 JavaThread "Unconstrained build operations Thread 4" [_thread_blocked, id=13580, stack(0x000000a36e100000,0x000000a36e200000)]
  0x000001e3a47d04b0 JavaThread "Unconstrained build operations Thread 5" [_thread_blocked, id=21132, stack(0x000000a36e200000,0x000000a36e300000)]
  0x000001e3a47cd720 JavaThread "build event listener" [_thread_blocked, id=236, stack(0x000000a36dd00000,0x000000a36de00000)]
  0x000001e3a47ce650 JavaThread "Memory manager" [_thread_blocked, id=18872, stack(0x000000a36e400000,0x000000a36e500000)]
  0x000001e3a47ce140 JavaThread "Cache worker for Build Output Cleanup Cache (B:\Projects\cli\AI\Pixify\android\.gradle\buildOutputCleanup)" [_thread_blocked, id=18064, stack(0x000000a36a400000,0x000000a36a500000)]
  0x000001e3a47d0ed0 JavaThread "ForkJoinPool.commonPool-worker-1" daemon [_thread_blocked, id=11756, stack(0x000000a36a500000,0x000000a36a600000)]
  0x000001e3a47cf070 JavaThread "ForkJoinPool.commonPool-worker-2" daemon [_thread_blocked, id=14352, stack(0x000000a36e300000,0x000000a36e400000)]
  0x000001e3c6d42c50 JavaThread "included builds" [_thread_blocked, id=11404, stack(0x000000a36a300000,0x000000a36a400000)]
  0x000001e3c6d41d20 JavaThread "Execution worker" [_thread_blocked, id=16348, stack(0x000000a36e600000,0x000000a36e700000)]
  0x000001e3c6d42230 JavaThread "Execution worker Thread 2" [_thread_blocked, id=22708, stack(0x000000a36e700000,0x000000a36e800000)]
  0x000001e3c6d408e0 JavaThread "Execution worker Thread 3" [_thread_blocked, id=11424, stack(0x000000a36e800000,0x000000a36e900000)]
  0x000001e3c6d3f4a0 JavaThread "Cache worker for execution history cache (B:\Projects\cli\AI\Pixify\node_modules\@react-native\gradle-plugin\.gradle\8.5\executionHistory)" [_thread_blocked, id=23260, stack(0x000000a36e900000,0x000000a36ea00000)]
  0x000001e3c6d40df0 JavaThread "Unconstrained build operations Thread 6" [_thread_blocked, id=18700, stack(0x000000a36ea00000,0x000000a36eb00000)]
  0x000001e3c6d41300 JavaThread "Unconstrained build operations Thread 7" [_thread_blocked, id=19596, stack(0x000000a36eb00000,0x000000a36ec00000)]
  0x000001e3c6d43670 JavaThread "Unconstrained build operations Thread 8" [_thread_blocked, id=21012, stack(0x000000a36ec00000,0x000000a36ed00000)]
  0x000001e3c6d41810 JavaThread "Unconstrained build operations Thread 9" [_thread_blocked, id=8060, stack(0x000000a36ed00000,0x000000a36ee00000)]
  0x000001e3c6d3cc20 JavaThread "Unconstrained build operations Thread 10" [_thread_blocked, id=20720, stack(0x000000a36ee00000,0x000000a36ef00000)]
  0x000001e3c6d3e060 JavaThread "Unconstrained build operations Thread 11" [_thread_blocked, id=6468, stack(0x000000a36ef00000,0x000000a36f000000)]
  0x000001e3c6d3ea80 JavaThread "Unconstrained build operations Thread 12" [_thread_blocked, id=3380, stack(0x000000a36f100000,0x000000a36f200000)]
  0x000001e3c6d3f9b0 JavaThread "Unconstrained build operations Thread 13" [_thread_blocked, id=7796, stack(0x000000a36f200000,0x000000a36f300000)]
  0x000001e3c6d42740 JavaThread "WorkerExecutor Queue" [_thread_blocked, id=21300, stack(0x000000a36f000000,0x000000a36f100000)]
  0x000001e3c6d3ef90 JavaThread "RMI Scheduler(0)" daemon [_thread_blocked, id=1660, stack(0x000000a36f300000,0x000000a36f400000)]
  0x000001e3c6d44090 JavaThread "RMI GC Daemon" daemon [_thread_blocked, id=1604, stack(0x000000a36f500000,0x000000a36f600000)]
  0x000001e3c6d445a0 JavaThread "RMI TCP Accept-0" daemon [_thread_in_native, id=12872, stack(0x000000a36f600000,0x000000a36f700000)]
  0x000001e3c6d3d130 JavaThread "RMI Reaper" [_thread_blocked, id=10104, stack(0x000000a36f700000,0x000000a36f800000)]
  0x000001e3c6d3d640 JavaThread "RMI TCP Connection(2)-127.0.0.1" daemon [_thread_in_native, id=21292, stack(0x000000a36f900000,0x000000a36fa00000)]
  0x000001e3c6d43b80 JavaThread "Unconstrained build operations Thread 14" [_thread_blocked, id=22688, stack(0x000000a36d600000,0x000000a36d700000)]
  0x000001e3c6d3db50 JavaThread "Unconstrained build operations Thread 15" [_thread_blocked, id=18188, stack(0x000000a36d700000,0x000000a36d800000)]
  0x000001e3c6d3e570 JavaThread "Unconstrained build operations Thread 16" [_thread_blocked, id=18544, stack(0x000000a36d800000,0x000000a36d900000)]

Other Threads:
  0x000001e3a453a5f0 VMThread "VM Thread" [stack: 0x000000a36ac00000,0x000000a36ad00000] [id=18500]
  0x000001e3a4872cf0 WatcherThread [stack: 0x000000a36b800000,0x000000a36b900000] [id=20796]
  0x000001e386c30d80 GCTaskThread "GC Thread#0" [stack: 0x000000a36a700000,0x000000a36a800000] [id=20728]
  0x000001e3c4160110 GCTaskThread "GC Thread#1" [stack: 0x000000a36b900000,0x000000a36ba00000] [id=23396]
  0x000001e3c40f5840 GCTaskThread "GC Thread#2" [stack: 0x000000a36ba00000,0x000000a36bb00000] [id=14168]
  0x000001e3c40a90a0 GCTaskThread "GC Thread#3" [stack: 0x000000a36bb00000,0x000000a36bc00000] [id=13532]
  0x000001e386c42bf0 ConcurrentGCThread "G1 Main Marker" [stack: 0x000000a36a800000,0x000000a36a900000] [id=16056]
  0x000001e386c43510 ConcurrentGCThread "G1 Conc#0" [stack: 0x000000a36a900000,0x000000a36aa00000] [id=20628]
  0x000001e386caebe0 ConcurrentGCThread "G1 Refine#0" [stack: 0x000000a36aa00000,0x000000a36ab00000] [id=23388]
  0x000001e3a43f8630 ConcurrentGCThread "G1 Service" [stack: 0x000000a36ab00000,0x000000a36ac00000] [id=12408]

Threads with active compile tasks:
C2 CompilerThread0   133978 10080   !   4       java.net.URLClassLoader::findClass (47 bytes)

VM state: not at safepoint (normal execution)

VM Mutex/Monitor currently owned by a thread: None

Heap address: 0x0000000080000000, size: 2048 MB, Compressed Oops mode: 32-bit

CDS archive(s) mapped at: [0x000001e3a5000000-0x000001e3a5bd0000-0x000001e3a5bd0000), size 12386304, SharedBaseAddress: 0x000001e3a5000000, ArchiveRelocationMode: 1.
Compressed class space mapped at: 0x000001e3a6000000-0x000001e3c0000000, reserved size: 436207616
Narrow klass base: 0x000001e3a5000000, Narrow klass shift: 0, Narrow klass range: 0x100000000

GC Precious Log:
 CPUs: 4 total, 4 available
 Memory: 11210M
 Large Page Support: Disabled
 NUMA Support: Disabled
 Compressed Oops: Enabled (32-bit)
 Heap Region Size: 1M
 Heap Min Capacity: 8M
 Heap Initial Capacity: 176M
 Heap Max Capacity: 2G
 Pre-touch: Disabled
 Parallel Workers: 4
 Concurrent Workers: 1
 Concurrent Refinement Workers: 4
 Periodic GC: Disabled

Heap:
 garbage-first heap   total 140288K, used 88531K [0x0000000080000000, 0x0000000100000000)
  region size 1024K, 2 young (2048K), 1 survivors (1024K)
 Metaspace       used 76383K, committed 77184K, reserved 557056K
  class space    used 10699K, committed 11072K, reserved 425984K

Heap Regions: E=young(eden), S=young(survivor), O=old, HS=humongous(starts), HC=humongous(continues), CS=collection set, F=free, OA=open archive, CA=closed archive, TAMS=top-at-mark-start (previous, next)
|   0|0x0000000080000000, 0x0000000080100000, 0x0000000080100000|100%| O|  |TAMS 0x0000000080100000, 0x0000000080100000| Untracked 
|   1|0x0000000080100000, 0x0000000080200000, 0x0000000080200000|100%| O|  |TAMS 0x0000000080200000, 0x0000000080200000| Untracked 
|   2|0x0000000080200000, 0x0000000080300000, 0x0000000080300000|100%|HS|  |TAMS 0x0000000080300000, 0x0000000080300000| Complete 
|   3|0x0000000080300000, 0x0000000080400000, 0x0000000080400000|100%|HC|  |TAMS 0x0000000080400000, 0x0000000080400000| Complete 
|   4|0x0000000080400000, 0x0000000080500000, 0x0000000080500000|100%|HC|  |TAMS 0x0000000080500000, 0x0000000080500000| Complete 
|   5|0x0000000080500000, 0x0000000080600000, 0x0000000080600000|100%|HC|  |TAMS 0x0000000080600000, 0x0000000080600000| Complete 
|   6|0x0000000080600000, 0x0000000080700000, 0x0000000080700000|100%| O|  |TAMS 0x0000000080700000, 0x0000000080700000| Untracked 
|   7|0x0000000080700000, 0x0000000080800000, 0x0000000080800000|100%| O|  |TAMS 0x0000000080800000, 0x0000000080800000| Untracked 
|   8|0x0000000080800000, 0x0000000080900000, 0x0000000080900000|100%| O|  |TAMS 0x0000000080900000, 0x0000000080900000| Untracked 
|   9|0x0000000080900000, 0x0000000080a00000, 0x0000000080a00000|100%| O|  |TAMS 0x0000000080a00000, 0x0000000080a00000| Untracked 
|  10|0x0000000080a00000, 0x0000000080b00000, 0x0000000080b00000|100%| O|  |TAMS 0x0000000080b00000, 0x0000000080b00000| Untracked 
|  11|0x0000000080b00000, 0x0000000080c00000, 0x0000000080c00000|100%| O|  |TAMS 0x0000000080c00000, 0x0000000080c00000| Untracked 
|  12|0x0000000080c00000, 0x0000000080d00000, 0x0000000080d00000|100%| O|  |TAMS 0x0000000080d00000, 0x0000000080d00000| Untracked 
|  13|0x0000000080d00000, 0x0000000080e00000, 0x0000000080e00000|100%| O|  |TAMS 0x0000000080e00000, 0x0000000080e00000| Untracked 
|  14|0x0000000080e00000, 0x0000000080f00000, 0x0000000080f00000|100%| O|  |TAMS 0x0000000080f00000, 0x0000000080f00000| Untracked 
|  15|0x0000000080f00000, 0x0000000081000000, 0x0000000081000000|100%| O|  |TAMS 0x0000000081000000, 0x0000000081000000| Untracked 
|  16|0x0000000081000000, 0x0000000081100000, 0x0000000081100000|100%| O|  |TAMS 0x0000000081100000, 0x0000000081100000| Untracked 
|  17|0x0000000081100000, 0x0000000081200000, 0x0000000081200000|100%| O|  |TAMS 0x0000000081200000, 0x0000000081200000| Untracked 
|  18|0x0000000081200000, 0x0000000081300000, 0x0000000081300000|100%| O|  |TAMS 0x0000000081300000, 0x0000000081300000| Untracked 
|  19|0x0000000081300000, 0x0000000081400000, 0x0000000081400000|100%| O|  |TAMS 0x0000000081400000, 0x0000000081400000| Untracked 
|  20|0x0000000081400000, 0x0000000081500000, 0x0000000081500000|100%| O|  |TAMS 0x0000000081500000, 0x0000000081500000| Untracked 
|  21|0x0000000081500000, 0x0000000081600000, 0x0000000081600000|100%| O|  |TAMS 0x0000000081600000, 0x0000000081600000| Untracked 
|  22|0x0000000081600000, 0x0000000081700000, 0x0000000081700000|100%| O|  |TAMS 0x0000000081700000, 0x0000000081700000| Untracked 
|  23|0x0000000081700000, 0x0000000081800000, 0x0000000081800000|100%| O|  |TAMS 0x0000000081800000, 0x0000000081800000| Untracked 
|  24|0x0000000081800000, 0x0000000081900000, 0x0000000081900000|100%| O|  |TAMS 0x0000000081900000, 0x0000000081900000| Untracked 
|  25|0x0000000081900000, 0x0000000081a00000, 0x0000000081a00000|100%| O|  |TAMS 0x0000000081a00000, 0x0000000081a00000| Untracked 
|  26|0x0000000081a00000, 0x0000000081b00000, 0x0000000081b00000|100%| O|  |TAMS 0x0000000081b00000, 0x0000000081b00000| Untracked 
|  27|0x0000000081b00000, 0x0000000081c00000, 0x0000000081c00000|100%| O|  |TAMS 0x0000000081c00000, 0x0000000081c00000| Untracked 
|  28|0x0000000081c00000, 0x0000000081d00000, 0x0000000081d00000|100%| O|  |TAMS 0x0000000081d00000, 0x0000000081d00000| Untracked 
|  29|0x0000000081d00000, 0x0000000081e00000, 0x0000000081e00000|100%| O|  |TAMS 0x0000000081e00000, 0x0000000081e00000| Untracked 
|  30|0x0000000081e00000, 0x0000000081e00000, 0x0000000081f00000|  0%| F|  |TAMS 0x0000000081e00000, 0x0000000081e00000| Untracked 
|  31|0x0000000081f00000, 0x0000000082000000, 0x0000000082000000|100%| O|  |TAMS 0x0000000082000000, 0x0000000082000000| Untracked 
|  32|0x0000000082000000, 0x0000000082100000, 0x0000000082100000|100%| O|  |TAMS 0x0000000082100000, 0x0000000082100000| Untracked 
|  33|0x0000000082100000, 0x0000000082200000, 0x0000000082200000|100%|HS|  |TAMS 0x0000000082200000, 0x0000000082200000| Complete 
|  34|0x0000000082200000, 0x0000000082300000, 0x0000000082300000|100%|HC|  |TAMS 0x0000000082300000, 0x0000000082300000| Complete 
|  35|0x0000000082300000, 0x0000000082400000, 0x0000000082400000|100%| O|  |TAMS 0x0000000082400000, 0x0000000082400000| Untracked 
|  36|0x0000000082400000, 0x0000000082500000, 0x0000000082500000|100%| O|  |TAMS 0x0000000082500000, 0x0000000082500000| Untracked 
|  37|0x0000000082500000, 0x0000000082600000, 0x0000000082600000|100%|HS|  |TAMS 0x0000000082600000, 0x0000000082600000| Complete 
|  38|0x0000000082600000, 0x0000000082700000, 0x0000000082700000|100%|HC|  |TAMS 0x0000000082700000, 0x0000000082700000| Complete 
|  39|0x0000000082700000, 0x0000000082800000, 0x0000000082800000|100%| O|  |TAMS 0x0000000082800000, 0x0000000082800000| Untracked 
|  40|0x0000000082800000, 0x0000000082900000, 0x0000000082900000|100%| O|  |TAMS 0x0000000082900000, 0x0000000082900000| Untracked 
|  41|0x0000000082900000, 0x0000000082a00000, 0x0000000082a00000|100%| O|  |TAMS 0x0000000082a00000, 0x0000000082a00000| Untracked 
|  42|0x0000000082a00000, 0x0000000082b00000, 0x0000000082b00000|100%| O|  |TAMS 0x0000000082b00000, 0x0000000082b00000| Untracked 
|  43|0x0000000082b00000, 0x0000000082c00000, 0x0000000082c00000|100%| O|  |TAMS 0x0000000082c00000, 0x0000000082c00000| Untracked 
|  44|0x0000000082c00000, 0x0000000082d00000, 0x0000000082d00000|100%|HS|  |TAMS 0x0000000082d00000, 0x0000000082d00000| Complete 
|  45|0x0000000082d00000, 0x0000000082e00000, 0x0000000082e00000|100%|HC|  |TAMS 0x0000000082e00000, 0x0000000082e00000| Complete 
|  46|0x0000000082e00000, 0x0000000082f00000, 0x0000000082f00000|100%|HC|  |TAMS 0x0000000082f00000, 0x0000000082f00000| Complete 
|  47|0x0000000082f00000, 0x0000000083000000, 0x0000000083000000|100%|HC|  |TAMS 0x0000000083000000, 0x0000000083000000| Complete 
|  48|0x0000000083000000, 0x0000000083100000, 0x0000000083100000|100%| O|  |TAMS 0x0000000083100000, 0x0000000083100000| Untracked 
|  49|0x0000000083100000, 0x0000000083200000, 0x0000000083200000|100%| O|  |TAMS 0x0000000083200000, 0x0000000083200000| Untracked 
|  50|0x0000000083200000, 0x0000000083300000, 0x0000000083300000|100%|HS|  |TAMS 0x0000000083300000, 0x0000000083300000| Complete 
|  51|0x0000000083300000, 0x0000000083400000, 0x0000000083400000|100%|HC|  |TAMS 0x0000000083400000, 0x0000000083400000| Complete 
|  52|0x0000000083400000, 0x0000000083500000, 0x0000000083500000|100%|HC|  |TAMS 0x0000000083500000, 0x0000000083500000| Complete 
|  53|0x0000000083500000, 0x0000000083600000, 0x0000000083600000|100%|HC|  |TAMS 0x0000000083600000, 0x0000000083600000| Complete 
|  54|0x0000000083600000, 0x0000000083700000, 0x0000000083700000|100%| O|  |TAMS 0x0000000083700000, 0x0000000083700000| Untracked 
|  55|0x0000000083700000, 0x0000000083800000, 0x0000000083800000|100%| O|  |TAMS 0x0000000083800000, 0x0000000083800000| Untracked 
|  56|0x0000000083800000, 0x0000000083900000, 0x0000000083900000|100%| O|  |TAMS 0x0000000083900000, 0x0000000083900000| Untracked 
|  57|0x0000000083900000, 0x0000000083a00000, 0x0000000083a00000|100%| O|  |TAMS 0x0000000083a00000, 0x0000000083a00000| Untracked 
|  58|0x0000000083a00000, 0x0000000083b00000, 0x0000000083b00000|100%| O|  |TAMS 0x0000000083b00000, 0x0000000083b00000| Untracked 
|  59|0x0000000083b00000, 0x0000000083c00000, 0x0000000083c00000|100%| O|  |TAMS 0x0000000083c00000, 0x0000000083c00000| Untracked 
|  60|0x0000000083c00000, 0x0000000083d00000, 0x0000000083d00000|100%| O|  |TAMS 0x0000000083d00000, 0x0000000083d00000| Untracked 
|  61|0x0000000083d00000, 0x0000000083e00000, 0x0000000083e00000|100%| O|  |TAMS 0x0000000083e00000, 0x0000000083e00000| Untracked 
|  62|0x0000000083e00000, 0x0000000083f00000, 0x0000000083f00000|100%| O|  |TAMS 0x0000000083f00000, 0x0000000083f00000| Untracked 
|  63|0x0000000083f00000, 0x0000000084000000, 0x0000000084000000|100%| O|  |TAMS 0x0000000084000000, 0x0000000084000000| Untracked 
|  64|0x0000000084000000, 0x0000000084100000, 0x0000000084100000|100%| O|  |TAMS 0x0000000084100000, 0x0000000084100000| Untracked 
|  65|0x0000000084100000, 0x0000000084200000, 0x0000000084200000|100%|HS|  |TAMS 0x0000000084100000, 0x0000000084200000| Complete 
|  66|0x0000000084200000, 0x0000000084300000, 0x0000000084300000|100%| O|  |TAMS 0x0000000084300000, 0x0000000084300000| Untracked 
|  67|0x0000000084300000, 0x0000000084400000, 0x0000000084400000|100%| O|  |TAMS 0x0000000084400000, 0x0000000084400000| Untracked 
|  68|0x0000000084400000, 0x0000000084500000, 0x0000000084500000|100%| O|  |TAMS 0x0000000084500000, 0x0000000084500000| Untracked 
|  69|0x0000000084500000, 0x0000000084600000, 0x0000000084600000|100%| O|  |TAMS 0x0000000084600000, 0x0000000084600000| Untracked 
|  70|0x0000000084600000, 0x0000000084700000, 0x0000000084700000|100%| O|  |TAMS 0x0000000084700000, 0x0000000084700000| Untracked 
|  71|0x0000000084700000, 0x0000000084800000, 0x0000000084800000|100%| O|  |TAMS 0x0000000084800000, 0x0000000084800000| Untracked 
|  72|0x0000000084800000, 0x0000000084900000, 0x0000000084900000|100%| O|  |TAMS 0x0000000084900000, 0x0000000084900000| Untracked 
|  73|0x0000000084900000, 0x0000000084a00000, 0x0000000084a00000|100%| O|  |TAMS 0x0000000084a00000, 0x0000000084a00000| Untracked 
|  74|0x0000000084a00000, 0x0000000084b00000, 0x0000000084b00000|100%| O|  |TAMS 0x0000000084a96e08, 0x0000000084b00000| Untracked 
|  75|0x0000000084b00000, 0x0000000084c00000, 0x0000000084c00000|100%|HS|  |TAMS 0x0000000084b00000, 0x0000000084c00000| Complete 
|  76|0x0000000084c00000, 0x0000000084d00000, 0x0000000084d00000|100%|HS|  |TAMS 0x0000000084c00000, 0x0000000084d00000| Complete 
|  77|0x0000000084d00000, 0x0000000084e00000, 0x0000000084e00000|100%| O|  |TAMS 0x0000000084d00000, 0x0000000084e00000| Untracked 
|  78|0x0000000084e00000, 0x0000000084f00000, 0x0000000084f00000|100%|HS|  |TAMS 0x0000000084e00000, 0x0000000084f00000| Complete 
|  79|0x0000000084f00000, 0x0000000085000000, 0x0000000085000000|100%|HS|  |TAMS 0x0000000084f00000, 0x0000000085000000| Complete 
|  80|0x0000000085000000, 0x0000000085100000, 0x0000000085100000|100%| O|  |TAMS 0x0000000085000000, 0x0000000085100000| Untracked 
|  81|0x0000000085100000, 0x0000000085200000, 0x0000000085200000|100%| O|  |TAMS 0x0000000085100000, 0x0000000085200000| Untracked 
|  82|0x0000000085200000, 0x0000000085300000, 0x0000000085300000|100%| O|  |TAMS 0x0000000085200000, 0x0000000085300000| Untracked 
|  83|0x0000000085300000, 0x0000000085400000, 0x0000000085400000|100%| O|  |TAMS 0x0000000085300000, 0x0000000085400000| Untracked 
|  84|0x0000000085400000, 0x0000000085500000, 0x0000000085500000|100%| O|  |TAMS 0x0000000085400000, 0x0000000085500000| Untracked 
|  85|0x0000000085500000, 0x0000000085600000, 0x0000000085600000|100%| O|  |TAMS 0x0000000085500000, 0x0000000085600000| Untracked 
|  86|0x0000000085600000, 0x00000000856dd600, 0x0000000085700000| 86%| O|  |TAMS 0x0000000085600000, 0x00000000856dd600| Untracked 
|  87|0x0000000085700000, 0x0000000085700000, 0x0000000085800000|  0%| F|  |TAMS 0x0000000085700000, 0x0000000085700000| Untracked 
|  88|0x0000000085800000, 0x0000000085800000, 0x0000000085900000|  0%| F|  |TAMS 0x0000000085800000, 0x0000000085800000| Untracked 
|  89|0x0000000085900000, 0x0000000085900000, 0x0000000085a00000|  0%| F|  |TAMS 0x0000000085900000, 0x0000000085900000| Untracked 
|  90|0x0000000085a00000, 0x0000000085a00000, 0x0000000085b00000|  0%| F|  |TAMS 0x0000000085a00000, 0x0000000085a00000| Untracked 
|  91|0x0000000085b00000, 0x0000000085b00000, 0x0000000085c00000|  0%| F|  |TAMS 0x0000000085b00000, 0x0000000085b00000| Untracked 
|  92|0x0000000085c00000, 0x0000000085c00000, 0x0000000085d00000|  0%| F|  |TAMS 0x0000000085c00000, 0x0000000085c00000| Untracked 
|  93|0x0000000085d00000, 0x0000000085d00000, 0x0000000085e00000|  0%| F|  |TAMS 0x0000000085d00000, 0x0000000085d00000| Untracked 
|  94|0x0000000085e00000, 0x0000000085e00000, 0x0000000085f00000|  0%| F|  |TAMS 0x0000000085e00000, 0x0000000085e00000| Untracked 
|  95|0x0000000085f00000, 0x0000000085f00000, 0x0000000086000000|  0%| F|  |TAMS 0x0000000085f00000, 0x0000000085f00000| Untracked 
|  96|0x0000000086000000, 0x0000000086000000, 0x0000000086100000|  0%| F|  |TAMS 0x0000000086000000, 0x0000000086000000| Untracked 
|  97|0x0000000086100000, 0x0000000086100000, 0x0000000086200000|  0%| F|  |TAMS 0x0000000086100000, 0x0000000086100000| Untracked 
|  98|0x0000000086200000, 0x0000000086200000, 0x0000000086300000|  0%| F|  |TAMS 0x0000000086200000, 0x0000000086200000| Untracked 
|  99|0x0000000086300000, 0x0000000086300000, 0x0000000086400000|  0%| F|  |TAMS 0x0000000086300000, 0x0000000086300000| Untracked 
| 100|0x0000000086400000, 0x0000000086400000, 0x0000000086500000|  0%| F|  |TAMS 0x0000000086400000, 0x0000000086400000| Untracked 
| 101|0x0000000086500000, 0x0000000086500000, 0x0000000086600000|  0%| F|  |TAMS 0x0000000086500000, 0x0000000086500000| Untracked 
| 102|0x0000000086600000, 0x0000000086600000, 0x0000000086700000|  0%| F|  |TAMS 0x0000000086600000, 0x0000000086600000| Untracked 
| 103|0x0000000086700000, 0x0000000086700000, 0x0000000086800000|  0%| F|  |TAMS 0x0000000086700000, 0x0000000086700000| Untracked 
| 104|0x0000000086800000, 0x0000000086800000, 0x0000000086900000|  0%| F|  |TAMS 0x0000000086800000, 0x0000000086800000| Untracked 
| 105|0x0000000086900000, 0x0000000086900000, 0x0000000086a00000|  0%| F|  |TAMS 0x0000000086900000, 0x0000000086900000| Untracked 
| 106|0x0000000086a00000, 0x0000000086a00000, 0x0000000086b00000|  0%| F|  |TAMS 0x0000000086a00000, 0x0000000086a00000| Untracked 
| 107|0x0000000086b00000, 0x0000000086b00000, 0x0000000086c00000|  0%| F|  |TAMS 0x0000000086b00000, 0x0000000086b00000| Untracked 
| 108|0x0000000086c00000, 0x0000000086c00000, 0x0000000086d00000|  0%| F|  |TAMS 0x0000000086c00000, 0x0000000086c00000| Untracked 
| 109|0x0000000086d00000, 0x0000000086d00000, 0x0000000086e00000|  0%| F|  |TAMS 0x0000000086d00000, 0x0000000086d00000| Untracked 
| 110|0x0000000086e00000, 0x0000000086e976a0, 0x0000000086f00000| 59%| S|CS|TAMS 0x0000000086e00000, 0x0000000086e00000| Complete 
| 111|0x0000000086f00000, 0x0000000086f00000, 0x0000000087000000|  0%| F|  |TAMS 0x0000000086f00000, 0x0000000086f00000| Untracked 
| 112|0x0000000087000000, 0x0000000087000000, 0x0000000087100000|  0%| F|  |TAMS 0x0000000087000000, 0x0000000087000000| Untracked 
| 113|0x0000000087100000, 0x0000000087100000, 0x0000000087200000|  0%| F|  |TAMS 0x0000000087100000, 0x0000000087100000| Untracked 
| 114|0x0000000087200000, 0x0000000087200000, 0x0000000087300000|  0%| F|  |TAMS 0x0000000087200000, 0x0000000087200000| Untracked 
| 115|0x0000000087300000, 0x0000000087300000, 0x0000000087400000|  0%| F|  |TAMS 0x0000000087300000, 0x0000000087300000| Untracked 
| 116|0x0000000087400000, 0x0000000087400000, 0x0000000087500000|  0%| F|  |TAMS 0x0000000087400000, 0x0000000087400000| Untracked 
| 117|0x0000000087500000, 0x0000000087500000, 0x0000000087600000|  0%| F|  |TAMS 0x0000000087500000, 0x0000000087500000| Untracked 
| 118|0x0000000087600000, 0x0000000087600000, 0x0000000087700000|  0%| F|  |TAMS 0x0000000087600000, 0x0000000087600000| Untracked 
| 119|0x0000000087700000, 0x0000000087700000, 0x0000000087800000|  0%| F|  |TAMS 0x0000000087700000, 0x0000000087700000| Untracked 
| 120|0x0000000087800000, 0x0000000087800000, 0x0000000087900000|  0%| F|  |TAMS 0x0000000087800000, 0x0000000087800000| Untracked 
| 121|0x0000000087900000, 0x0000000087900000, 0x0000000087a00000|  0%| F|  |TAMS 0x0000000087900000, 0x0000000087900000| Untracked 
| 122|0x0000000087a00000, 0x0000000087a00000, 0x0000000087b00000|  0%| F|  |TAMS 0x0000000087a00000, 0x0000000087a00000| Untracked 
| 123|0x0000000087b00000, 0x0000000087b00000, 0x0000000087c00000|  0%| F|  |TAMS 0x0000000087b00000, 0x0000000087b00000| Untracked 
| 124|0x0000000087c00000, 0x0000000087c00000, 0x0000000087d00000|  0%| F|  |TAMS 0x0000000087c00000, 0x0000000087c00000| Untracked 
| 125|0x0000000087d00000, 0x0000000087d00000, 0x0000000087e00000|  0%| F|  |TAMS 0x0000000087d00000, 0x0000000087d00000| Untracked 
| 126|0x0000000087e00000, 0x0000000087e00000, 0x0000000087f00000|  0%| F|  |TAMS 0x0000000087e00000, 0x0000000087e00000| Untracked 
| 127|0x0000000087f00000, 0x0000000087f00000, 0x0000000088000000|  0%| F|  |TAMS 0x0000000087f00000, 0x0000000087f00000| Untracked 
| 128|0x0000000088000000, 0x0000000088000000, 0x0000000088100000|  0%| F|  |TAMS 0x0000000088000000, 0x0000000088000000| Untracked 
| 129|0x0000000088100000, 0x0000000088100000, 0x0000000088200000|  0%| F|  |TAMS 0x0000000088100000, 0x0000000088100000| Untracked 
| 130|0x0000000088200000, 0x0000000088200000, 0x0000000088300000|  0%| F|  |TAMS 0x0000000088200000, 0x0000000088200000| Untracked 
| 131|0x0000000088300000, 0x0000000088300000, 0x0000000088400000|  0%| F|  |TAMS 0x0000000088300000, 0x0000000088300000| Untracked 
| 132|0x0000000088400000, 0x0000000088400000, 0x0000000088500000|  0%| F|  |TAMS 0x0000000088400000, 0x0000000088400000| Untracked 
| 133|0x0000000088500000, 0x0000000088500000, 0x0000000088600000|  0%| F|  |TAMS 0x0000000088500000, 0x0000000088500000| Untracked 
| 134|0x0000000088600000, 0x0000000088600000, 0x0000000088700000|  0%| F|  |TAMS 0x0000000088600000, 0x0000000088600000| Untracked 
| 162|0x000000008a200000, 0x000000008a200000, 0x000000008a300000|  0%| F|  |TAMS 0x000000008a200000, 0x000000008a200000| Untracked 
| 175|0x000000008af00000, 0x000000008af81a30, 0x000000008b000000| 50%| E|  |TAMS 0x000000008af00000, 0x000000008af00000| Complete 

Card table byte_map: [0x000001e39d8a0000,0x000001e39dca0000] _byte_map_base: 0x000001e39d4a0000

Marking Bits (Prev, Next): (CMBitMap*) 0x000001e386c32300, (CMBitMap*) 0x000001e386c322c0
 Prev Bits: [0x000001e3a00a0000, 0x000001e3a20a0000)
 Next Bits: [0x000001e39e0a0000, 0x000001e3a00a0000)

Polling page: 0x000001e384be0000

Metaspace:

Usage:
  Non-class:     64.18 MB used.
      Class:     10.45 MB used.
       Both:     74.64 MB used.

Virtual space:
  Non-class space:      128.00 MB reserved,      64.56 MB ( 50%) committed,  2 nodes.
      Class space:      416.00 MB reserved,      10.81 MB (  3%) committed,  1 nodes.
             Both:      544.00 MB reserved,      75.38 MB ( 14%) committed. 

Chunk freelists:
   Non-Class:  15.44 MB
       Class:  5.00 MB
        Both:  20.44 MB

MaxMetaspaceSize: 512.00 MB
CompressedClassSpaceSize: 416.00 MB
Initial GC threshold: 21.00 MB
Current GC threshold: 119.19 MB
CDS: on
MetaspaceReclaimPolicy: balanced
 - commit_granule_bytes: 65536.
 - commit_granule_words: 8192.
 - virtual_space_node_default_size: 8388608.
 - enlarge_chunks_in_place: 1.
 - new_chunks_are_fully_committed: 0.
 - uncommit_free_chunks: 1.
 - use_allocation_guard: 0.
 - handle_deallocations: 1.


Internal statistics:

num_allocs_failed_limit: 6.
num_arena_births: 1010.
num_arena_deaths: 0.
num_vsnodes_births: 3.
num_vsnodes_deaths: 0.
num_space_committed: 1206.
num_space_uncommitted: 0.
num_chunks_returned_to_freelist: 6.
num_chunks_taken_from_freelist: 4210.
num_chunk_merges: 6.
num_chunk_splits: 2748.
num_chunks_enlarged: 1799.
num_inconsistent_stats: 0.

CodeHeap 'non-profiled nmethods': size=120000Kb used=5062Kb max_used=5062Kb free=114937Kb
 bounds [0x000001e395f70000, 0x000001e396470000, 0x000001e39d4a0000]
CodeHeap 'profiled nmethods': size=120000Kb used=18539Kb max_used=18539Kb free=101460Kb
 bounds [0x000001e38e4a0000, 0x000001e38f6c0000, 0x000001e3959d0000]
CodeHeap 'non-nmethods': size=5760Kb used=2405Kb max_used=2440Kb free=3354Kb
 bounds [0x000001e3959d0000, 0x000001e395c40000, 0x000001e395f70000]
 total_blobs=10312 nmethods=9377 adapters=847
 compilation: enabled
              stopped_count=0, restarted_count=0
 full_count=0

Compilation events (20 events):
Event: 133.157 Thread 0x000001e3a455e3d0 nmethod 10070 0x000001e38f6b7410 code [0x000001e38f6b7600, 0x000001e38f6b79c8]
Event: 133.173 Thread 0x000001e3a455da10 10071       4       java.util.zip.ZipFile$ZipFileInputStream::<init> (96 bytes)
Event: 133.177 Thread 0x000001e3a455da10 nmethod 10071 0x000001e396459190 code [0x000001e396459320, 0x000001e396459698]
Event: 133.201 Thread 0x000001e3a455e3d0 10072       3       org.gradle.internal.instantiation.generator.AsmBackedClassGenerator$ClassBuilderImpl$LocalMethodVisitorScope::putServiceRegistryOnStack (56 bytes)
Event: 133.202 Thread 0x000001e3a455e3d0 nmethod 10072 0x000001e38f6b7b90 code [0x000001e38f6b7e00, 0x000001e38f6b8a38]
Event: 133.206 Thread 0x000001e3a455e3d0 10073       1       java.lang.reflect.Field::getRoot (5 bytes)
Event: 133.206 Thread 0x000001e3a455e3d0 nmethod 10073 0x000001e396459910 code [0x000001e396459aa0, 0x000001e396459b78]
Event: 133.206 Thread 0x000001e3a455e3d0 10074       3       java.lang.reflect.Field::setFieldAccessor (34 bytes)
Event: 133.206 Thread 0x000001e3a455e3d0 nmethod 10074 0x000001e38f6b8e90 code [0x000001e38f6b9060, 0x000001e38f6b9488]
Event: 133.235 Thread 0x000001e3a455da10 10075       4       java.net.URLClassLoader::getAndVerifyPackage (109 bytes)
Event: 133.266 Thread 0x000001e3a455e3d0 10078       3       org.objectweb.asm.SymbolTable::putBootstrapMethods (56 bytes)
Event: 133.267 Thread 0x000001e3a455e3d0 nmethod 10078 0x000001e38f6b9590 code [0x000001e38f6b9780, 0x000001e38f6b9a48]
Event: 133.448 Thread 0x000001e3a455da10 nmethod 10075 0x000001e396459c10 code [0x000001e396459fc0, 0x000001e39645cdf8]
Event: 133.448 Thread 0x000001e3a455da10 10076       4       java.util.zip.ZipFile$ZipFileInflaterInputStream::<init> (14 bytes)
Event: 133.471 Thread 0x000001e3a455da10 nmethod 10076 0x000001e39645f110 code [0x000001e39645f300, 0x000001e3964603e8]
Event: 133.471 Thread 0x000001e3a455da10 10079   !   4       java.util.zip.ZipFile$CleanableResource::getInflater (47 bytes)
Event: 133.478 Thread 0x000001e3a455da10 nmethod 10079 0x000001e396460990 code [0x000001e396460b40, 0x000001e3964611f8]
Event: 133.478 Thread 0x000001e3a455da10 10077       4       sun.reflect.generics.tree.ClassTypeSignature::accept (8 bytes)
Event: 133.479 Thread 0x000001e3a455da10 nmethod 10077 0x000001e396461510 code [0x000001e3964616a0, 0x000001e396461768]
Event: 133.504 Thread 0x000001e3a455da10 10080   !   4       java.net.URLClassLoader::findClass (47 bytes)

GC Heap History (20 events):
Event: 61.884 GC heap before
{Heap before GC invocations=28 (full 0):
 garbage-first heap   total 115712K, used 91278K [0x0000000080000000, 0x0000000100000000)
  region size 1024K, 34 young (34816K), 3 survivors (3072K)
 Metaspace       used 62298K, committed 62976K, reserved 491520K
  class space    used 8822K, committed 9088K, reserved 425984K
}
Event: 61.893 GC heap after
{Heap after GC invocations=29 (full 0):
 garbage-first heap   total 115712K, used 63567K [0x0000000080000000, 0x0000000100000000)
  region size 1024K, 5 young (5120K), 5 survivors (5120K)
 Metaspace       used 62298K, committed 62976K, reserved 491520K
  class space    used 8822K, committed 9088K, reserved 425984K
}
Event: 63.328 GC heap before
{Heap before GC invocations=30 (full 0):
 garbage-first heap   total 115712K, used 92239K [0x0000000080000000, 0x0000000100000000)
  region size 1024K, 33 young (33792K), 5 survivors (5120K)
 Metaspace       used 63467K, committed 64128K, reserved 491520K
  class space    used 8980K, committed 9344K, reserved 425984K
}
Event: 63.340 GC heap after
{Heap after GC invocations=31 (full 0):
 garbage-first heap   total 115712K, used 67560K [0x0000000080000000, 0x0000000100000000)
  region size 1024K, 4 young (4096K), 4 survivors (4096K)
 Metaspace       used 63467K, committed 64128K, reserved 491520K
  class space    used 8980K, committed 9344K, reserved 425984K
}
Event: 65.063 GC heap before
{Heap before GC invocations=31 (full 0):
 garbage-first heap   total 115712K, used 93160K [0x0000000080000000, 0x0000000100000000)
  region size 1024K, 30 young (30720K), 4 survivors (4096K)
 Metaspace       used 65140K, committed 65792K, reserved 491520K
  class space    used 9223K, committed 9536K, reserved 425984K
}
Event: 65.072 GC heap after
{Heap after GC invocations=32 (full 0):
 garbage-first heap   total 115712K, used 69556K [0x0000000080000000, 0x0000000100000000)
  region size 1024K, 3 young (3072K), 3 survivors (3072K)
 Metaspace       used 65140K, committed 65792K, reserved 491520K
  class space    used 9223K, committed 9536K, reserved 425984K
}
Event: 66.921 GC heap before
{Heap before GC invocations=33 (full 0):
 garbage-first heap   total 122880K, used 93108K [0x0000000080000000, 0x0000000100000000)
  region size 1024K, 27 young (27648K), 3 survivors (3072K)
 Metaspace       used 67072K, committed 67776K, reserved 491520K
  class space    used 9586K, committed 9920K, reserved 425984K
}
Event: 66.930 GC heap after
{Heap after GC invocations=34 (full 0):
 garbage-first heap   total 122880K, used 71595K [0x0000000080000000, 0x0000000100000000)
  region size 1024K, 4 young (4096K), 4 survivors (4096K)
 Metaspace       used 67072K, committed 67776K, reserved 491520K
  class space    used 9586K, committed 9920K, reserved 425984K
}
Event: 67.906 GC heap before
{Heap before GC invocations=34 (full 0):
 garbage-first heap   total 122880K, used 100267K [0x0000000080000000, 0x0000000100000000)
  region size 1024K, 33 young (33792K), 4 survivors (4096K)
 Metaspace       used 69707K, committed 70464K, reserved 491520K
  class space    used 9872K, committed 10240K, reserved 425984K
}
Event: 67.918 GC heap after
{Heap after GC invocations=35 (full 0):
 garbage-first heap   total 122880K, used 74536K [0x0000000080000000, 0x0000000100000000)
  region size 1024K, 5 young (5120K), 5 survivors (5120K)
 Metaspace       used 69707K, committed 70464K, reserved 491520K
  class space    used 9872K, committed 10240K, reserved 425984K
}
Event: 130.922 GC heap before
{Heap before GC invocations=36 (full 0):
 garbage-first heap   total 132096K, used 100136K [0x0000000080000000, 0x0000000100000000)
  region size 1024K, 31 young (31744K), 5 survivors (5120K)
 Metaspace       used 72196K, committed 73024K, reserved 491520K
  class space    used 10231K, committed 10624K, reserved 425984K
}
Event: 130.934 GC heap after
{Heap after GC invocations=37 (full 0):
 garbage-first heap   total 132096K, used 75941K [0x0000000080000000, 0x0000000100000000)
  region size 1024K, 2 young (2048K), 2 survivors (2048K)
 Metaspace       used 72196K, committed 73024K, reserved 491520K
  class space    used 10231K, committed 10624K, reserved 425984K
}
Event: 131.151 GC heap before
{Heap before GC invocations=37 (full 0):
 garbage-first heap   total 132096K, used 79013K [0x0000000080000000, 0x0000000100000000)
  region size 1024K, 6 young (6144K), 2 survivors (2048K)
 Metaspace       used 72226K, committed 73024K, reserved 491520K
  class space    used 10232K, committed 10624K, reserved 425984K
}
Event: 131.155 GC heap after
{Heap after GC invocations=38 (full 0):
 garbage-first heap   total 132096K, used 76061K [0x0000000080000000, 0x0000000100000000)
  region size 1024K, 1 young (1024K), 1 survivors (1024K)
 Metaspace       used 72226K, committed 73024K, reserved 491520K
  class space    used 10232K, committed 10624K, reserved 425984K
}
Event: 131.604 GC heap before
{Heap before GC invocations=38 (full 0):
 garbage-first heap   total 132096K, used 85277K [0x0000000080000000, 0x0000000100000000)
  region size 1024K, 11 young (11264K), 1 survivors (1024K)
 Metaspace       used 72379K, committed 73152K, reserved 491520K
  class space    used 10256K, committed 10624K, reserved 425984K
}
Event: 131.608 GC heap after
{Heap after GC invocations=39 (full 0):
 garbage-first heap   total 132096K, used 76893K [0x0000000080000000, 0x0000000100000000)
  region size 1024K, 2 young (2048K), 2 survivors (2048K)
 Metaspace       used 72379K, committed 73152K, reserved 491520K
  class space    used 10256K, committed 10624K, reserved 425984K
}
Event: 132.864 GC heap before
{Heap before GC invocations=40 (full 0):
 garbage-first heap   total 140288K, used 110685K [0x0000000080000000, 0x0000000100000000)
  region size 1024K, 30 young (30720K), 2 survivors (2048K)
 Metaspace       used 73846K, committed 74624K, reserved 491520K
  class space    used 10439K, committed 10816K, reserved 425984K
}
Event: 132.871 GC heap after
{Heap after GC invocations=41 (full 0):
 garbage-first heap   total 140288K, used 88409K [0x0000000080000000, 0x0000000100000000)
  region size 1024K, 4 young (4096K), 4 survivors (4096K)
 Metaspace       used 73846K, committed 74624K, reserved 491520K
  class space    used 10439K, committed 10816K, reserved 425984K
}
Event: 132.941 GC heap before
{Heap before GC invocations=41 (full 0):
 garbage-first heap   total 140288K, used 90457K [0x0000000080000000, 0x0000000100000000)
  region size 1024K, 6 young (6144K), 4 survivors (4096K)
 Metaspace       used 74003K, committed 74880K, reserved 491520K
  class space    used 10463K, committed 10880K, reserved 425984K
}
Event: 132.946 GC heap after
{Heap after GC invocations=42 (full 0):
 garbage-first heap   total 140288K, used 88178K [0x0000000080000000, 0x0000000100000000)
  region size 1024K, 1 young (1024K), 1 survivors (1024K)
 Metaspace       used 74003K, committed 74880K, reserved 491520K
  class space    used 10463K, committed 10880K, reserved 425984K
}

Deoptimization events (20 events):
Event: 133.007 Thread 0x000001e3c466a9b0 Uncommon trap: trap_request=0xffffffbe fr.pc=0x000001e39639de44 relative=0x00000000000001a4
Event: 133.007 Thread 0x000001e3c466a9b0 Uncommon trap: reason=profile_predicate action=maybe_recompile pc=0x000001e39639de44 method=java.util.LinkedHashMap.keysToArray([Ljava/lang/Object;)[Ljava/lang/Object; @ 12 c2
Event: 133.007 Thread 0x000001e3c466a9b0 DEOPT PACKING pc=0x000001e39639de44 sp=0x000000a36c2f2ab0
Event: 133.007 Thread 0x000001e3c466a9b0 DEOPT UNPACKING pc=0x000001e395a223a3 sp=0x000000a36c2f2a68 mode 2
Event: 133.115 Thread 0x000001e3c466a9b0 Uncommon trap: trap_request=0xffffffde fr.pc=0x000001e396117908 relative=0x0000000000000488
Event: 133.115 Thread 0x000001e3c466a9b0 Uncommon trap: reason=class_check action=maybe_recompile pc=0x000001e396117908 method=org.gradle.internal.instantiation.generator.AbstractClassGenerator$InjectionAnnotationValidator.validateMethod(Ljava/lang/reflect/Method;Lorg/gradle/internal/reflect/Pro
Event: 133.115 Thread 0x000001e3c466a9b0 DEOPT PACKING pc=0x000001e396117908 sp=0x000000a36c2f3370
Event: 133.115 Thread 0x000001e3c466a9b0 DEOPT UNPACKING pc=0x000001e395a223a3 sp=0x000000a36c2f3308 mode 2
Event: 133.115 Thread 0x000001e3c466a9b0 Uncommon trap: trap_request=0xffffffde fr.pc=0x000001e3962630dc relative=0x0000000000005f3c
Event: 133.115 Thread 0x000001e3c466a9b0 Uncommon trap: reason=class_check action=maybe_recompile pc=0x000001e3962630dc method=com.google.common.reflect.TypeVisitor.visit([Ljava/lang/reflect/Type;)V @ 96 c2
Event: 133.115 Thread 0x000001e3c466a9b0 DEOPT PACKING pc=0x000001e3962630dc sp=0x000000a36c2f3000
Event: 133.115 Thread 0x000001e3c466a9b0 DEOPT UNPACKING pc=0x000001e395a223a3 sp=0x000000a36c2f2fe8 mode 2
Event: 133.132 Thread 0x000001e3c466a9b0 Uncommon trap: trap_request=0xffffffde fr.pc=0x000001e3961f36bc relative=0x00000000000056bc
Event: 133.132 Thread 0x000001e3c466a9b0 Uncommon trap: reason=class_check action=maybe_recompile pc=0x000001e3961f36bc method=java.util.jar.JarFile.getManifestFromReference()Ljava/util/jar/Manifest; @ 152 c2
Event: 133.133 Thread 0x000001e3c466a9b0 DEOPT PACKING pc=0x000001e3961f36bc sp=0x000000a36c2f3760
Event: 133.133 Thread 0x000001e3c466a9b0 DEOPT UNPACKING pc=0x000001e395a223a3 sp=0x000000a36c2f33f0 mode 2
Event: 133.820 Thread 0x000001e3c466a9b0 Uncommon trap: trap_request=0xffffffbe fr.pc=0x000001e39639de44 relative=0x00000000000001a4
Event: 133.820 Thread 0x000001e3c466a9b0 Uncommon trap: reason=profile_predicate action=maybe_recompile pc=0x000001e39639de44 method=java.util.LinkedHashMap.keysToArray([Ljava/lang/Object;)[Ljava/lang/Object; @ 12 c2
Event: 133.820 Thread 0x000001e3c466a9b0 DEOPT PACKING pc=0x000001e39639de44 sp=0x000000a36c2f1f60
Event: 133.820 Thread 0x000001e3c466a9b0 DEOPT UNPACKING pc=0x000001e395a223a3 sp=0x000000a36c2f1f18 mode 2

Classes unloaded (0 events):
No events

Classes redefined (0 events):
No events

Internal exceptions (20 events):
Event: 71.521 Thread 0x000001e3c6d42740 Exception <a 'java/lang/NoSuchMethodError'{0x0000000087ab63a0}: static Lorg/jetbrains/kotlin/daemon/common/LoopbackNetworkInterface$ClientLoopbackSocketFactory;.<clinit>()V> (0x0000000087ab63a0) 
thrown [s\open\src\hotspot\share\prims\jni.cpp, line 1112]
Event: 71.575 Thread 0x000001e3c6d42740 Exception <a 'java/lang/NoSuchMethodError'{0x000000008791e1b8}: static [Ljava/rmi/server/ObjID;.<clinit>()V> (0x000000008791e1b8) 
thrown [s\open\src\hotspot\share\prims\jni.cpp, line 1112]
Event: 71.580 Thread 0x000001e3c6d42740 Exception <a 'java/lang/NoSuchMethodError'{0x00000000879423a8}: static [B.<clinit>()V> (0x00000000879423a8) 
thrown [s\open\src\hotspot\share\prims\jni.cpp, line 1112]
Event: 71.594 Thread 0x000001e3c6d43160 Exception <a 'java/lang/InterruptedException'{0x0000000087951210}> (0x0000000087951210) 
thrown [s\open\src\hotspot\share\runtime\objectMonitor.cpp, line 1671]
Event: 71.597 Thread 0x000001e3c6d43160 Exception <a 'java/lang/NoSuchMethodError'{0x0000000087952670}: 'java.lang.Object java.lang.invoke.DirectMethodHandle$Holder.invokeSpecial(java.lang.Object, java.lang.Object, int, java.lang.Object, long)'> (0x0000000087952670) 
thrown [s\open\src\hotspot\share\interpreter\linkResolver.cpp, line 759]
Event: 71.598 Thread 0x000001e3c6d43160 Exception <a 'java/lang/NoSuchMethodError'{0x0000000087959b20}: 'java.lang.Object java.lang.invoke.DirectMethodHandle$Holder.newInvokeSpecial(java.lang.Object, java.lang.Object, int, java.lang.Object, long)'> (0x0000000087959b20) 
thrown [s\open\src\hotspot\share\interpreter\linkResolver.cpp, line 759]
Event: 71.633 Thread 0x000001e3c6d42740 Exception <a 'java/lang/NoSuchMethodError'{0x00000000879a6860}: static Lorg/jetbrains/kotlin/daemon/common/CompileService$CallResult;.<clinit>()V> (0x00000000879a6860) 
thrown [s\open\src\hotspot\share\prims\jni.cpp, line 1112]
Event: 71.634 Thread 0x000001e3c6d42740 Exception <a 'java/lang/NoSuchMethodError'{0x00000000879b2888}: static Lorg/jetbrains/kotlin/daemon/common/CompileService$CallResult$Good;.<clinit>()V> (0x00000000879b2888) 
thrown [s\open\src\hotspot\share\prims\jni.cpp, line 1112]
Event: 71.635 Thread 0x000001e3c6d42740 Exception <a 'java/lang/NoSuchMethodError'{0x00000000879c0008}: static Lorg/jetbrains/kotlin/daemon/common/DaemonJVMOptions;.<clinit>()V> (0x00000000879c0008) 
thrown [s\open\src\hotspot\share\prims\jni.cpp, line 1112]
Event: 71.650 Thread 0x000001e3c6d42740 Exception <a 'java/lang/NoSuchMethodError'{0x00000000879db910}: static Lorg/jetbrains/kotlin/daemon/common/CompileService$CallResult$Ok;.<clinit>()V> (0x00000000879db910) 
thrown [s\open\src\hotspot\share\prims\jni.cpp, line 1112]
Event: 71.727 Thread 0x000001e3c6d42740 Exception <a 'java/lang/NoSuchMethodError'{0x00000000877483c8}: static [Ljava/lang/Integer;.<clinit>()V> (0x00000000877483c8) 
thrown [s\open\src\hotspot\share\prims\jni.cpp, line 1112]
Event: 130.093 Thread 0x000001e3c6d42230 Exception <a 'sun/nio/fs/WindowsException'{0x0000000087c7c860}> (0x0000000087c7c860) 
thrown [s\open\src\hotspot\share\prims\jni.cpp, line 516]
Event: 130.094 Thread 0x000001e3c6d42230 Exception <a 'sun/nio/fs/WindowsException'{0x0000000086c7a7d0}> (0x0000000086c7a7d0) 
thrown [s\open\src\hotspot\share\prims\jni.cpp, line 516]
Event: 130.100 Thread 0x000001e3c6d42230 Exception <a 'sun/nio/fs/WindowsException'{0x0000000086c7cb10}> (0x0000000086c7cb10) 
thrown [s\open\src\hotspot\share\prims\jni.cpp, line 516]
Event: 130.116 Thread 0x000001e3c6d42230 Exception <a 'sun/nio/fs/WindowsException'{0x0000000086c7ecc8}> (0x0000000086c7ecc8) 
thrown [s\open\src\hotspot\share\prims\jni.cpp, line 516]
Event: 131.218 Thread 0x000001e3c6fbf3d0 Exception <a 'sun/nio/fs/WindowsException'{0x000000008aff2318}> (0x000000008aff2318) 
thrown [s\open\src\hotspot\share\prims\jni.cpp, line 516]
Event: 131.476 Thread 0x000001e3c466a9b0 Exception <a 'java/lang/ClassNotFoundException'{0x0000000087757408}: build_6in2z0ffqujnaxku420aceorfBeanInfo> (0x0000000087757408) 
thrown [s\open\src\hotspot\share\classfile\systemDictionary.cpp, line 256]
Event: 131.479 Thread 0x000001e3c466a9b0 Exception <a 'java/lang/ClassNotFoundException'{0x000000008775dcc0}: build_6in2z0ffqujnaxku420aceorfCustomizer> (0x000000008775dcc0) 
thrown [s\open\src\hotspot\share\classfile\systemDictionary.cpp, line 256]
Event: 132.092 Thread 0x000001e3c466a9b0 Exception <a 'java/lang/ClassNotFoundException'{0x000000008824c7a8}: build_3ou2rqq31zwkwtvldxw1t9hotBeanInfo> (0x000000008824c7a8) 
thrown [s\open\src\hotspot\share\classfile\systemDictionary.cpp, line 256]
Event: 132.093 Thread 0x000001e3c466a9b0 Exception <a 'java/lang/ClassNotFoundException'{0x0000000088257e50}: build_3ou2rqq31zwkwtvldxw1t9hotCustomizer> (0x0000000088257e50) 
thrown [s\open\src\hotspot\share\classfile\systemDictionary.cpp, line 256]

VM Operations (20 events):
Event: 128.289 Executing VM operation: Cleanup
Event: 128.289 Executing VM operation: Cleanup done
Event: 130.291 Executing VM operation: Cleanup
Event: 130.291 Executing VM operation: Cleanup done
Event: 130.391 Executing VM operation: HandshakeAllThreads
Event: 130.391 Executing VM operation: HandshakeAllThreads done
Event: 130.922 Executing VM operation: G1CollectForAllocation
Event: 130.935 Executing VM operation: G1CollectForAllocation done
Event: 131.150 Executing VM operation: G1CollectForAllocation
Event: 131.155 Executing VM operation: G1CollectForAllocation done
Event: 131.604 Executing VM operation: G1TryInitiateConcMark
Event: 131.608 Executing VM operation: G1TryInitiateConcMark done
Event: 131.818 Executing VM operation: G1Concurrent
Event: 131.825 Executing VM operation: G1Concurrent done
Event: 131.909 Executing VM operation: G1Concurrent
Event: 131.925 Executing VM operation: G1Concurrent done
Event: 132.863 Executing VM operation: G1CollectForAllocation
Event: 132.871 Executing VM operation: G1CollectForAllocation done
Event: 132.941 Executing VM operation: G1CollectForAllocation
Event: 132.946 Executing VM operation: G1CollectForAllocation done

Events (20 events):
Event: 130.836 Thread 0x000001e3c6d43b80 Thread added: 0x000001e3c6d43b80
Event: 130.837 Thread 0x000001e3c6d3db50 Thread added: 0x000001e3c6d3db50
Event: 130.837 Thread 0x000001e3c6d3e570 Thread added: 0x000001e3c6d3e570
Event: 130.936 loading class sun/rmi/transport/DGCClient$EndpointEntry$CleanRequest
Event: 130.936 loading class sun/rmi/transport/DGCClient$EndpointEntry$CleanRequest done
Event: 130.942 Thread 0x000001e3c6d43160 Thread exited: 0x000001e3c6d43160
Event: 131.199 loading class java/nio/file/StandardCopyOption
Event: 131.200 loading class java/nio/file/StandardCopyOption done
Event: 131.204 loading class sun/nio/fs/WindowsFileCopy
Event: 131.217 loading class sun/nio/fs/WindowsFileCopy done
Event: 131.223 loading class sun/nio/fs/WindowsSecurity$Privilege
Event: 131.225 loading class sun/nio/fs/WindowsSecurity$Privilege done
Event: 131.257 loading class java/util/stream/SortedOps$RefSortingSink
Event: 131.260 loading class java/util/stream/SortedOps$RefSortingSink done
Event: 133.798 loading class java/util/Collections$SynchronizedRandomAccessList
Event: 133.809 loading class java/util/Collections$SynchronizedList
Event: 133.817 loading class java/util/Collections$SynchronizedList done
Event: 133.817 loading class java/util/Collections$SynchronizedRandomAccessList done
Event: 133.829 loading class java/util/concurrent/Executors$DefaultThreadFactory
Event: 133.834 loading class java/util/concurrent/Executors$DefaultThreadFactory done


Dynamic libraries:
0x00007ff7e6500000 - 0x00007ff7e6510000 	B:\System\java\bin\java.exe
0x00007fff85210000 - 0x00007fff85408000 	C:\Windows\SYSTEM32\ntdll.dll
0x00007fff839c0000 - 0x00007fff83a7d000 	C:\Windows\System32\KERNEL32.DLL
0x00007fff82da0000 - 0x00007fff83096000 	C:\Windows\System32\KERNELBASE.dll
0x00007fff82c00000 - 0x00007fff82d00000 	C:\Windows\System32\ucrtbase.dll
0x00007fff5fc70000 - 0x00007fff5fc89000 	B:\System\java\bin\jli.dll
0x00007fff84a90000 - 0x00007fff84b40000 	C:\Windows\System32\ADVAPI32.dll
0x00007fff5fc50000 - 0x00007fff5fc6b000 	B:\System\java\bin\VCRUNTIME140.dll
0x00007fff83890000 - 0x00007fff8392e000 	C:\Windows\System32\msvcrt.dll
0x00007fff83690000 - 0x00007fff83730000 	C:\Windows\System32\sechost.dll
0x00007fff83300000 - 0x00007fff83423000 	C:\Windows\System32\RPCRT4.dll
0x00007fff83180000 - 0x00007fff831a7000 	C:\Windows\System32\bcrypt.dll
0x00007fff83a80000 - 0x00007fff83c1f000 	C:\Windows\System32\USER32.dll
0x00007fff82d70000 - 0x00007fff82d92000 	C:\Windows\System32\win32u.dll
0x00007fff84ea0000 - 0x00007fff84ecb000 	C:\Windows\System32\GDI32.dll
0x00007fff73b20000 - 0x00007fff73dba000 	C:\Windows\WinSxS\amd64_microsoft.windows.common-controls_6595b64144ccf1df_6.0.19041.4355_none_60b8b9eb71f62e16\COMCTL32.dll
0x00007fff82ae0000 - 0x00007fff82bf7000 	C:\Windows\System32\gdi32full.dll
0x00007fff831b0000 - 0x00007fff8324d000 	C:\Windows\System32\msvcp_win.dll
0x00007fff7cbe0000 - 0x00007fff7cbea000 	C:\Windows\SYSTEM32\VERSION.dll
0x00007fff83730000 - 0x00007fff8375f000 	C:\Windows\System32\IMM32.DLL
0x00007fff6cc00000 - 0x00007fff6cc0c000 	B:\System\java\bin\vcruntime140_1.dll
0x00007fff1e820000 - 0x00007fff1e8ae000 	B:\System\java\bin\msvcp140.dll
0x00007fff1dc40000 - 0x00007fff1e820000 	B:\System\java\bin\server\jvm.dll
0x00007fff84090000 - 0x00007fff84098000 	C:\Windows\System32\PSAPI.DLL
0x00007fff61310000 - 0x00007fff61319000 	C:\Windows\SYSTEM32\WSOCK32.dll
0x00007fff849c0000 - 0x00007fff84a2b000 	C:\Windows\System32\WS2_32.dll
0x00007fff7c620000 - 0x00007fff7c647000 	C:\Windows\SYSTEM32\WINMM.dll
0x00007fff80770000 - 0x00007fff80782000 	C:\Windows\SYSTEM32\kernel.appcore.dll
0x00007fff5fa70000 - 0x00007fff5fa7a000 	B:\System\java\bin\jimage.dll
0x00007fff77210000 - 0x00007fff773f4000 	C:\Windows\SYSTEM32\DBGHELP.DLL
0x00007fff77570000 - 0x00007fff775a4000 	C:\Windows\SYSTEM32\dbgcore.DLL
0x00007fff830f0000 - 0x00007fff83172000 	C:\Windows\System32\bcryptPrimitives.dll
0x00007fff794c0000 - 0x00007fff794ce000 	B:\System\java\bin\instrument.dll
0x00007fff21130000 - 0x00007fff21155000 	B:\System\java\bin\java.dll
0x00007fff1db60000 - 0x00007fff1dc37000 	B:\System\java\bin\jsvml.dll
0x00007fff840a0000 - 0x00007fff8480c000 	C:\Windows\System32\SHELL32.dll
0x00007fff80970000 - 0x00007fff8110d000 	C:\Windows\SYSTEM32\windows.storage.dll
0x00007fff84b40000 - 0x00007fff84e93000 	C:\Windows\System32\combase.dll
0x00007fff822f0000 - 0x00007fff8231e000 	C:\Windows\SYSTEM32\Wldp.dll
0x00007fff835c0000 - 0x00007fff8368d000 	C:\Windows\System32\OLEAUT32.dll
0x00007fff83250000 - 0x00007fff832fd000 	C:\Windows\System32\SHCORE.dll
0x00007fff84ff0000 - 0x00007fff85045000 	C:\Windows\System32\shlwapi.dll
0x00007fff82800000 - 0x00007fff82824000 	C:\Windows\SYSTEM32\profapi.dll
0x00007fff50490000 - 0x00007fff504a8000 	B:\System\java\bin\zip.dll
0x00007fff57100000 - 0x00007fff57119000 	B:\System\java\bin\net.dll
0x00007fff7c860000 - 0x00007fff7c96a000 	C:\Windows\SYSTEM32\WINHTTP.dll
0x00007fff82050000 - 0x00007fff820ba000 	C:\Windows\system32\mswsock.dll
0x00007fff56c50000 - 0x00007fff56c66000 	B:\System\java\bin\nio.dll
0x00007fff7de50000 - 0x00007fff7de60000 	B:\System\java\bin\verify.dll
0x00007fff74240000 - 0x00007fff74267000 	C:\Users\Askabdelaziz\.gradle\native\c067742578af261105cb4f569cf0c3c89f3d7b1fecec35dd04571415982c5e48\windows-amd64\native-platform.dll
0x00007fff59cf0000 - 0x00007fff59e34000 	C:\Users\Askabdelaziz\.gradle\native\38dada09dfb8b06ba9b0570ebf7e218e3eb74d4ef43ca46872605cf95ebc2f47\windows-amd64\native-platform-file-events.dll
0x00007fff6cc50000 - 0x00007fff6cc5a000 	B:\System\java\bin\management.dll
0x00007fff6cc40000 - 0x00007fff6cc4b000 	B:\System\java\bin\management_ext.dll
0x00007fff82250000 - 0x00007fff82268000 	C:\Windows\SYSTEM32\CRYPTSP.dll
0x00007fff81900000 - 0x00007fff81934000 	C:\Windows\system32\rsaenh.dll
0x00007fff827b0000 - 0x00007fff827de000 	C:\Windows\SYSTEM32\USERENV.dll
0x00007fff82240000 - 0x00007fff8224c000 	C:\Windows\SYSTEM32\CRYPTBASE.dll
0x00007fff81ce0000 - 0x00007fff81d1b000 	C:\Windows\SYSTEM32\IPHLPAPI.DLL
0x00007fff835b0000 - 0x00007fff835b8000 	C:\Windows\System32\NSI.dll
0x00007fff7d870000 - 0x00007fff7d887000 	C:\Windows\SYSTEM32\dhcpcsvc6.DLL
0x00007fff7d850000 - 0x00007fff7d86d000 	C:\Windows\SYSTEM32\dhcpcsvc.DLL
0x00007fff81d30000 - 0x00007fff81dfa000 	C:\Windows\SYSTEM32\DNSAPI.dll
0x00007fff63ab0000 - 0x00007fff63abe000 	B:\System\java\bin\sunmscapi.dll
0x00007fff828d0000 - 0x00007fff82a2e000 	C:\Windows\System32\CRYPT32.dll
0x00007fff82360000 - 0x00007fff82389000 	C:\Windows\SYSTEM32\ncrypt.dll
0x00007fff82320000 - 0x00007fff8235b000 	C:\Windows\SYSTEM32\NTASN1.dll
0x00007fff484e0000 - 0x00007fff484e7000 	C:\Windows\system32\wshunix.dll
0x00007fff562d0000 - 0x00007fff562e7000 	C:\Windows\system32\napinsp.dll
0x00007fff46390000 - 0x00007fff463ab000 	C:\Windows\system32\pnrpnsp.dll
0x00007fff62460000 - 0x00007fff62475000 	C:\Windows\system32\wshbth.dll
0x00007fff7dd30000 - 0x00007fff7dd4d000 	C:\Windows\system32\NLAapi.dll
0x00007fff3fa60000 - 0x00007fff3fa72000 	C:\Windows\System32\winrnr.dll
0x00007fff79500000 - 0x00007fff7950a000 	C:\Windows\System32\rasadhlp.dll
0x00007fff79290000 - 0x00007fff79310000 	C:\Windows\System32\fwpuclnt.dll
0x00007fff741c0000 - 0x00007fff741de000 	C:\Users\Askabdelaziz\AppData\Local\Temp\native-platform11111176667063181668dir\native-platform.dll
0x00007fff741b0000 - 0x00007fff741b7000 	B:\System\java\bin\rmi.dll
0x00007fff81a20000 - 0x00007fff81a53000 	C:\Windows\SYSTEM32\ntmarta.dll

dbghelp: loaded successfully - version: 4.0.5 - missing functions: none
symbol engine: initialized successfully - sym options: 0x614 - pdb path: .;B:\System\java\bin;C:\Windows\SYSTEM32;C:\Windows\WinSxS\amd64_microsoft.windows.common-controls_6595b64144ccf1df_6.0.19041.4355_none_60b8b9eb71f62e16;B:\System\java\bin\server;C:\Users\Askabdelaziz\.gradle\native\c067742578af261105cb4f569cf0c3c89f3d7b1fecec35dd04571415982c5e48\windows-amd64;C:\Users\Askabdelaziz\.gradle\native\38dada09dfb8b06ba9b0570ebf7e218e3eb74d4ef43ca46872605cf95ebc2f47\windows-amd64;C:\Users\Askabdelaziz\AppData\Local\Temp\native-platform11111176667063181668dir

VM Arguments:
jvm_args: -XX:MaxMetaspaceSize=512m --add-opens=java.base/java.util=ALL-UNNAMED --add-opens=java.base/java.lang=ALL-UNNAMED --add-opens=java.base/java.lang.invoke=ALL-UNNAMED --add-opens=java.prefs/java.util.prefs=ALL-UNNAMED --add-opens=java.base/java.nio.charset=ALL-UNNAMED --add-opens=java.base/java.net=ALL-UNNAMED --add-opens=java.base/java.util.concurrent.atomic=ALL-UNNAMED -Xmx2048m -Dfile.encoding=windows-1252 -Duser.country=US -Duser.language=en -Duser.variant -javaagent:C:\Users\Askabdelaziz\.gradle\wrapper\dists\gradle-8.5-all\3zlzzgtsutfj0pbojr50n2l7z\gradle-8.5\lib\agents\gradle-instrumentation-agent-8.5.jar 
java_command: org.gradle.launcher.daemon.bootstrap.GradleDaemon 8.5
java_class_path (initial): C:\Users\Askabdelaziz\.gradle\wrapper\dists\gradle-8.5-all\3zlzzgtsutfj0pbojr50n2l7z\gradle-8.5\lib\gradle-launcher-8.5.jar
Launcher Type: SUN_STANDARD

[Global flags]
     intx CICompilerCount                          = 3                                         {product} {ergonomic}
   size_t CompressedClassSpaceSize                 = 436207616                                 {product} {ergonomic}
     uint ConcGCThreads                            = 1                                         {product} {ergonomic}
     uint G1ConcRefinementThreads                  = 4                                         {product} {ergonomic}
   size_t G1HeapRegionSize                         = 1048576                                   {product} {ergonomic}
    uintx GCDrainStackTargetSize                   = 64                                        {product} {ergonomic}
   size_t InitialHeapSize                          = 184549376                                 {product} {ergonomic}
   size_t MarkStackSize                            = 4194304                                   {product} {ergonomic}
   size_t MaxHeapSize                              = 2147483648                                {product} {command line}
   size_t MaxMetaspaceSize                         = 536870912                                 {product} {command line}
   size_t MaxNewSize                               = 1287651328                                {product} {ergonomic}
   size_t MinHeapDeltaBytes                        = 1048576                                   {product} {ergonomic}
   size_t MinHeapSize                              = 8388608                                   {product} {ergonomic}
    uintx NonNMethodCodeHeapSize                   = 5832780                                {pd product} {ergonomic}
    uintx NonProfiledCodeHeapSize                  = 122912730                              {pd product} {ergonomic}
    uintx ProfiledCodeHeapSize                     = 122912730                              {pd product} {ergonomic}
    uintx ReservedCodeCacheSize                    = 251658240                              {pd product} {ergonomic}
     bool SegmentedCodeCache                       = true                                      {product} {ergonomic}
   size_t SoftMaxHeapSize                          = 2147483648                             {manageable} {ergonomic}
     bool UseCompressedClassPointers               = true                           {product lp64_product} {ergonomic}
     bool UseCompressedOops                        = true                           {product lp64_product} {ergonomic}
     bool UseG1GC                                  = true                                      {product} {ergonomic}
     bool UseLargePagesIndividualAllocation        = false                                  {pd product} {ergonomic}

Logging:
Log output configuration:
 #0: stdout all=warning uptime,level,tags
 #1: stderr all=off uptime,level,tags

Environment Variables:
JAVA_HOME=B:\System\java
CLASSPATH=B:\Projects\cli\AI\Pixify\android\\gradle\wrapper\gradle-wrapper.jar
PATH=B:\python\Scripts\;B:\python\;C:\Program Files\Microsoft\jdk-17.0.11.9-hotspot\bin;C:\Program Files\Common Files\Oracle\Java\javapath;B:\System\platforms;C:\Python312\Scripts\;C:\Python312\;C:\Windows\system32;C:\Windows;C:\Windows\System32\Wbem;C:\Windows\System32\WindowsPowerShell\v1.0\;C:\Windows\System32\OpenSSH\;B:\System\Nodejs\;C:\ProgramData\chocolatey\bin;B:\System\yarn\bin\;B:\System\platform-tools;B:\System\Git\cmd;C:\Program Files (x86)\Microsoft SQL Server\160\Tools\Binn\;C:\Program Files\Microsoft SQL Server\160\Tools\Binn\;C:\Program Files\Microsoft SQL Server\Client SDK\ODBC\170\Tools\Binn\;C:\Program Files\Microsoft SQL Server\160\DTS\Binn\;C:\Program Files (x86)\Microsoft SQL Server\160\DTS\Binn\;C:\Program Files\Oracle\VirtualBox;C:\Users\Askabdelaziz\AppData\Local\jdk-11.0.2\bin;C:\Program Files\java\jdk-17.0.9;C:\Users\Askabdelaziz\AppData\Local\Microsoft\WindowsApps;B:\System\Microsoft VS Code\bin;C:\Users\Askabdelaziz\AppData\Roaming\npm;C:\Users\Askabdelaziz\AppData\Local\Yarn\bin;B:\System
USERNAME=Askabdelaziz
OS=Windows_NT
PROCESSOR_IDENTIFIER=AMD64 Family 21 Model 56 Stepping 1, AuthenticAMD



---------------  S Y S T E M  ---------------

OS:
 Windows 10 , 64 bit Build 19041 (10.0.19041.3636)
OS uptime: 1 days 7:30 hours

CPU: total 4 (initial active 4) (4 cores per cpu, 1 threads per core) family 21 model 56 stepping 1 microcode 0x0, cx8, cmov, fxsr, mmx, 3dnowpref, sse, sse2, sse3, ssse3, sse4a, sse4.1, sse4.2, popcnt, lzcnt, tsc, tscinvbit, avx, aes, clmul, bmi1, fma, vzeroupper, clflush

Memory: 4k page, system-wide physical 11210M (413M free)
TotalPageFile size 26403M (AvailPageFile size 5M)
current process WorkingSet (physical memory assigned to process): 354M, peak: 354M
current process commit charge ("private bytes"): 390M, peak: 391M

vm_info: Java HotSpot(TM) 64-Bit Server VM (17.0.11+7-LTS-207) for windows-amd64 JRE (17.0.11+7-LTS-207), built on Mar 11 2024 19:01:50 by "mach5one" with MS VC++ 17.6 (VS2022)

END.
